#
# A fatal error has been detected by the Java Runtime Environment:
#
#  SIGSEGV (0xb) at pc=0x00007ff6608a55a6, pid=4998, tid=0x00007ff661fa2700
#
# JRE version: OpenJDK Runtime Environment (8.0_144-b01) (build 1.8.0_144-8u144-b01-2-b01)
# Java VM: OpenJDK 64-Bit Server VM (25.144-b01 mixed mode linux-amd64 compressed oops)
# Problematic frame:
# V  [libjvm.so+0x69c5a6]
#
# Failed to write core dump. Core dumps have been disabled. To enable core dumping, try "ulimit -c unlimited" before starting Java again
#
# If you would like to submit a bug report, please visit:
#   http://bugreport.java.com/bugreport/crash.jsp
#

---------------  T H R E A D  ---------------

Current thread (0x00007ff65800c000):  JavaThread "main" [_thread_in_vm, id=4999, stack(0x00007ff661ea2000,0x00007ff661fa3000)]

siginfo: si_signo: 11 (SIGSEGV), si_code: 1 (SEGV_MAPERR), si_addr: 0x0000000000000000

Registers:
RAX=0x0000000000000000, RBX=0x00007ff65800c000, RCX=0x00007ff661fa1600, RDX=0x00007ff65800cc98
RSP=0x00007ff661fa1530, RBP=0x00007ff661fa15f0, RSI=0x00007ff65800c000, RDI=0x00007ff65800c000
R8 =0x00007ff65d2bec60, R9 =0x0000000000000004, R10=0x0000000000000064, R11=0x00007ff649117140
R12=0x00007ff65800c1e0, R13=0x0000000000000000, R14=0x0000000000000030, R15=0x00007ff661fa1600
RIP=0x00007ff6608a55a6, EFLAGS=0x0000000000010206, CSGSFS=0x002b000000000033, ERR=0x0000000000000004
  TRAPNO=0x000000000000000e

Top of Stack: (sp=0x00007ff661fa1530)
0x00007ff661fa1530:   0000000000000000 00007ff661fa1898
0x00007ff661fa1540:   000000000000000a 00007ff600000003
0x00007ff661fa1550:   00007ff65800c000 00007ff65800cc90
0x00007ff661fa1560:   00007ff60000062d 00007ff660d11ef0
0x00007ff661fa1570:   00007ff66109f170 00007ff661e4b2f0
0x00007ff661fa1580:   0000000000000000 000000000000000a
0x00007ff661fa1590:   00007ff661fa1470 0000003000000018
0x00007ff661fa15a0:   00007ff661fa16e0 00007ff661fa1620
0x00007ff661fa15b0:   00007ff661fa15e0 dfd897c4388c8700
0x00007ff661fa15c0:   00007ff661fa1610 00007ff65800c1e0
0x00007ff661fa15d0:   0000000000000000 00007ff6585f3d50
0x00007ff661fa15e0:   0000000000000030 0000000000000000
0x00007ff661fa15f0:   00007ff661fa17b0 00007ff64187f993
0x00007ff661fa1600:   0000003000000018 00007ff661fa16e0
0x00007ff661fa1610:   00007ff661fa1620 dfd897c4388c8700
0x00007ff661fa1620:   00007ff658008ad0 dfd897c4388c8700
0x00007ff661fa1630:   00007ff6585f7e70 0000000000000000
0x00007ff661fa1640:   00007ff65d2bec60 0000000000000004
0x00007ff661fa1650:   00007ff641918721 00007ff65800c000
0x00007ff661fa1660:   00007ff661fa16d0 00007ff66089cb2b
0x00007ff661fa1670:   00007ff65800c000 0000000000000000
0x00007ff661fa1680:   00007ff65800c000 0000000000000000
0x00007ff661fa1690:   0000000000000000 dfd897c4388c8700
0x00007ff661fa16a0:   00007ff661fa15b0 00007ff65800c1e0
0x00007ff661fa16b0:   0000000000000030 00007ff661fa17b0
0x00007ff661fa16c0:   00007ff658299160 00007ff65ff13458
0x00007ff661fa16d0:   00007ff65800c1e0 00007ff641880324
0x00007ff661fa16e0:   00007ff661fa1700 00007ff661fa1898
0x00007ff661fa16f0:   0000000300000000 0000000000000000
0x00007ff661fa1700:   0000000000000000 0000000000000004
0x00007ff661fa1710:   0000000000000000 dfd897c4388c8700
0x00007ff661fa1720:   00007ff65d621b00 00007ff661fa1770 

Instructions: (pc=0x00007ff6608a55a6)
0x00007ff6608a5586:   89 9d 60 ff ff ff 48 c7 85 68 ff ff ff 00 00 00
0x00007ff6608a5596:   00 74 0c 48 8d bd 60 ff ff ff e8 cb 15 2a 00 90
0x00007ff6608a55a6:   49 8b 45 00 c7 85 50 ff ff ff 0c 00 00 00 4c 8d
0x00007ff6608a55b6:   75 80 4c 89 f7 48 8b 40 08 0f b7 50 24 48 8b 40 

Register to memory mapping:

RAX=0x0000000000000000 is an unknown value
RBX=0x00007ff65800c000 is a thread
RCX=0x00007ff661fa1600 is pointing into the stack for thread: 0x00007ff65800c000
RDX=0x00007ff65800cc98 is an unknown value
RSP=0x00007ff661fa1530 is pointing into the stack for thread: 0x00007ff65800c000
RBP=0x00007ff661fa15f0 is pointing into the stack for thread: 0x00007ff65800c000
RSI=0x00007ff65800c000 is a thread
RDI=0x00007ff65800c000 is a thread
R8 ={method} {0x00007ff65d2bec60} 'size' '()I' in 'java/util/ArrayList'
R9 =0x0000000000000004 is an unknown value
R10=0x0000000000000064 is an unknown value
R11=0x00007ff649117140 is at entry_point+32 in (nmethod*)0x00007ff649116fd0
R12=0x00007ff65800c1e0 is an unknown value
R13=0x0000000000000000 is an unknown value
R14=0x0000000000000030 is an unknown value
R15=0x00007ff661fa1600 is pointing into the stack for thread: 0x00007ff65800c000


Stack: [0x00007ff661ea2000,0x00007ff661fa3000],  sp=0x00007ff661fa1530,  free space=1021k
Native frames: (J=compiled Java code, j=interpreted, Vv=VM code, C=native code)
V  [libjvm.so+0x69c5a6]
C  [libopencv_java343.so+0x51993]  JNIEnv_::CallObjectMethod(_jobject*, _jmethodID*, ...)+0x93
C  0x00007ff6585f3d20

Java frames: (J=compiled Java code, j=interpreted, Vv=VM code)
j  org.opencv.dnn.Net.forward_4(JJLjava/util/List;)V+0
j  org.opencv.dnn.Net.forward(Ljava/util/List;Ljava/util/List;)V+17
j  yolo.Classifier.main([Ljava/lang/String;)V+100
v  ~StubRoutines::call_stub

---------------  P R O C E S S  ---------------

Java Threads: ( => current thread )
  0x00007ff6582aa000 JavaThread "Service Thread" daemon [_thread_blocked, id=5020, stack(0x00007ff641c53000,0x00007ff641d54000)]
  0x00007ff6582a7000 JavaThread "C1 CompilerThread2" daemon [_thread_blocked, id=5019, stack(0x00007ff641f6c000,0x00007ff64206d000)]
  0x00007ff6582a5800 JavaThread "C2 CompilerThread1" daemon [_thread_blocked, id=5018, stack(0x00007ff64206d000,0x00007ff64216e000)]
  0x00007ff6582a3800 JavaThread "C2 CompilerThread0" daemon [_thread_blocked, id=5017, stack(0x00007ff64216e000,0x00007ff64226f000)]
  0x00007ff6582a1800 JavaThread "Monitor Ctrl-Break" daemon [_thread_in_native, id=5016, stack(0x00007ff64226f000,0x00007ff642370000)]
  0x00007ff658175800 JavaThread "Signal Dispatcher" daemon [_thread_blocked, id=5013, stack(0x00007ff648101000,0x00007ff648202000)]
  0x00007ff65814d000 JavaThread "Finalizer" daemon [_thread_blocked, id=5008, stack(0x00007ff648cfd000,0x00007ff648dfe000)]
  0x00007ff658148800 JavaThread "Reference Handler" daemon [_thread_blocked, id=5007, stack(0x00007ff648dfe000,0x00007ff648eff000)]
=>0x00007ff65800c000 JavaThread "main" [_thread_in_vm, id=4999, stack(0x00007ff661ea2000,0x00007ff661fa3000)]

Other Threads:
  0x00007ff658140800 VMThread [stack: 0x00007ff648eff000,0x00007ff649000000] [id=5006]
  0x00007ff6582ac800 WatcherThread [stack: 0x00007ff641b52000,0x00007ff641c53000] [id=5021]

VM state:not at safepoint (normal execution)

VM Mutex/Monitor currently owned by a thread: None

Heap:
 PSYoungGen      total 17408K, used 4729K [0x00000000ecf80000, 0x00000000ee280000, 0x0000000100000000)
  eden space 15360K, 30% used [0x00000000ecf80000,0x00000000ed41e6e0,0x00000000ede80000)
  from space 2048K, 0% used [0x00000000ee080000,0x00000000ee080000,0x00000000ee280000)
  to   space 2048K, 0% used [0x00000000ede80000,0x00000000ede80000,0x00000000ee080000)
 ParOldGen       total 39936K, used 0K [0x00000000c6e00000, 0x00000000c9500000, 0x00000000ecf80000)
  object space 39936K, 0% used [0x00000000c6e00000,0x00000000c6e00000,0x00000000c9500000)
 Metaspace       used 4414K, capacity 4988K, committed 5248K, reserved 1056768K
  class space    used 465K, capacity 538K, committed 640K, reserved 1048576K

Card table byte_map: [0x00007ff65e0ed000,0x00007ff65e2b7000] byte_map_base: 0x00007ff65dab6000

Marking Bits: (ParMarkBitMap*) 0x00007ff6611620e0
 Begin Bits: [0x00007ff642370000, 0x00007ff6431b8000)
 End Bits:   [0x00007ff6431b8000, 0x00007ff644000000)

Polling page: 0x00007ff661fd1000

CodeCache: size=245760Kb used=1632Kb max_used=1632Kb free=244127Kb
 bounds [0x00007ff649000000, 0x00007ff649270000, 0x00007ff658000000]
 total_blobs=626 nmethods=250 adapters=291
 compilation: enabled

Compilation events (10 events):
Event: 21,431 Thread 0x00007ff6582a7000  244       3       java.util.concurrent.ConcurrentHashMap$Node::<init> (26 bytes)
Event: 21,431 Thread 0x00007ff6582a7000 nmethod 244 0x00007ff649196ad0 code [0x00007ff649196c40, 0x00007ff649196e30]
Event: 21,454 Thread 0x00007ff6582a7000  246       3       jdk.internal.org.objectweb.asm.ByteVector::<init> (13 bytes)
Event: 21,454 Thread 0x00007ff6582a7000 nmethod 246 0x00007ff649196f10 code [0x00007ff649197080, 0x00007ff6491972d0]
Event: 21,456 Thread 0x00007ff6582a7000  247       3       jdk.internal.org.objectweb.asm.ByteVector::putByteArray (49 bytes)
Event: 21,457 Thread 0x00007ff6582a7000 nmethod 247 0x00007ff649197390 code [0x00007ff649197520, 0x00007ff649197838]
Event: 21,458 Thread 0x00007ff6582a7000  248       3       jdk.internal.org.objectweb.asm.ByteVector::putInt (74 bytes)
Event: 21,459 Thread 0x00007ff6582a7000 nmethod 248 0x00007ff649197950 code [0x00007ff649197ac0, 0x00007ff649197d48]
Event: 21,461 Thread 0x00007ff6582a7000  250       3       jdk.internal.org.objectweb.asm.ByteVector::enlarge (51 bytes)
Event: 21,462 Thread 0x00007ff6582a7000 nmethod 250 0x00007ff649198050 code [0x00007ff6491981c0, 0x00007ff6491984c8]

GC Heap History (0 events):
No events

Deoptimization events (0 events):
No events

Internal exceptions (8 events):
Event: 0,234 Thread 0x00007ff65800c000 Exception <a 'java/lang/NoSuchMethodError': Method sun.misc.Unsafe.defineClass(Ljava/lang/String;[BII)Ljava/lang/Class; name or signature does not match> (0x00000000ecf87ca8) thrown at [/build/openjdk-8-Kjblax/openjdk-8-8u144-b01/src/hotspot/src/share/vm/
Event: 0,234 Thread 0x00007ff65800c000 Exception <a 'java/lang/NoSuchMethodError': Method sun.misc.Unsafe.prefetchRead(Ljava/lang/Object;J)V name or signature does not match> (0x00000000ecf87f90) thrown at [/build/openjdk-8-Kjblax/openjdk-8-8u144-b01/src/hotspot/src/share/vm/prims/jni.cpp, lin
Event: 1,418 Thread 0x00007ff65800c000 Exception <a 'java/util/zip/ZipException'> (0x00000000ed022e90) thrown at [/build/openjdk-8-Kjblax/openjdk-8-8u144-b01/src/hotspot/src/share/vm/prims/jni.cpp, line 709]
Event: 1,418 Thread 0x00007ff65800c000 Exception <a 'java/security/PrivilegedActionException'> (0x00000000ed0235c8) thrown at [/build/openjdk-8-Kjblax/openjdk-8-8u144-b01/src/hotspot/src/share/vm/prims/jvm.cpp, line 1390]
Event: 1,418 Thread 0x00007ff65800c000 Exception <a 'java/security/PrivilegedActionException'> (0x00000000ed0237d8) thrown at [/build/openjdk-8-Kjblax/openjdk-8-8u144-b01/src/hotspot/src/share/vm/prims/jvm.cpp, line 1390]
Event: 21,317 Thread 0x00007ff65800c000 Exception <a 'java/lang/NoSuchFieldError': method resolution failed> (0x00000000ed3618e0) thrown at [/build/openjdk-8-Kjblax/openjdk-8-8u144-b01/src/hotspot/src/share/vm/prims/methodHandles.cpp, line 1146]
Event: 21,320 Thread 0x00007ff65800c000 Exception <a 'java/lang/NoSuchFieldError': method resolution failed> (0x00000000ed36f788) thrown at [/build/openjdk-8-Kjblax/openjdk-8-8u144-b01/src/hotspot/src/share/vm/prims/methodHandles.cpp, line 1146]
Event: 21,463 Thread 0x00007ff65800c000 Exception <a 'java/lang/NoSuchMethodError': get> (0x00000000ed4131d0) thrown at [/build/openjdk-8-Kjblax/openjdk-8-8u144-b01/src/hotspot/src/share/vm/prims/jni.cpp, line 1581]

Events (10 events):
Event: 21,451 loading class java/security/AllPermissionCollection
Event: 21,451 loading class java/security/AllPermissionCollection done
Event: 21,451 loading class java/lang/invoke/InfoFromMemberName
Event: 21,452 loading class java/lang/invoke/MethodHandleInfo
Event: 21,452 loading class java/lang/invoke/MethodHandleInfo done
Event: 21,452 loading class java/lang/invoke/InfoFromMemberName done
Event: 21,454 loading class java/lang/invoke/InnerClassLambdaMetafactory$ForwardingMethodGenerator
Event: 21,454 loading class java/lang/invoke/TypeConvertingMethodAdapter
Event: 21,454 loading class java/lang/invoke/TypeConvertingMethodAdapter done
Event: 21,454 loading class java/lang/invoke/InnerClassLambdaMetafactory$ForwardingMethodGenerator done


Dynamic libraries:
c6e00000-c9500000 rw-p 00000000 00:00 0 
c9500000-ecf80000 ---p 00000000 00:00 0 
ecf80000-ee280000 rw-p 00000000 00:00 0 
ee280000-100000000 ---p 00000000 00:00 0 
100000000-1000a0000 rw-p 00000000 00:00 0 
1000a0000-140000000 ---p 00000000 00:00 0 
55ac7ce20000-55ac7ce21000 r-xp 00000000 08:05 22157566                   /usr/lib/jvm/java-8-openjdk-amd64/jre/bin/java
55ac7d020000-55ac7d021000 r--p 00000000 08:05 22157566                   /usr/lib/jvm/java-8-openjdk-amd64/jre/bin/java
55ac7d021000-55ac7d022000 rw-p 00001000 08:05 22157566                   /usr/lib/jvm/java-8-openjdk-amd64/jre/bin/java
55ac7ed50000-55ac7ed71000 rw-p 00000000 00:00 0                          [heap]
7ff5d4000000-7ff5d4021000 rw-p 00000000 00:00 0 
7ff5d4021000-7ff5d8000000 ---p 00000000 00:00 0 
7ff5d8000000-7ff5d8021000 rw-p 00000000 00:00 0 
7ff5d8021000-7ff5dc000000 ---p 00000000 00:00 0 
7ff5dc000000-7ff5dc021000 rw-p 00000000 00:00 0 
7ff5dc021000-7ff5e0000000 ---p 00000000 00:00 0 
7ff5e3877000-7ff5e3a73000 rw-p 00000000 00:00 0 
7ff5e3c6f000-7ff5e3c70000 ---p 00000000 00:00 0 
7ff5e3c70000-7ff5e4470000 rwxp 00000000 00:00 0 
7ff5e4470000-7ff5e4471000 ---p 00000000 00:00 0 
7ff5e4471000-7ff5e4c71000 rwxp 00000000 00:00 0 
7ff5e4c71000-7ff5e4c72000 ---p 00000000 00:00 0 
7ff5e4c72000-7ff5e5472000 rwxp 00000000 00:00 0 
7ff5e5472000-7ff5f3dbf000 rw-p 00000000 00:00 0 
7ff5f3dbf000-7ff5f3dd2000 r-xp 00000000 08:05 790955                     /lib/x86_64-linux-gnu/libbsd.so.0.8.6
7ff5f3dd2000-7ff5f3fd1000 ---p 00013000 08:05 790955                     /lib/x86_64-linux-gnu/libbsd.so.0.8.6
7ff5f3fd1000-7ff5f3fd2000 r--p 00012000 08:05 790955                     /lib/x86_64-linux-gnu/libbsd.so.0.8.6
7ff5f3fd2000-7ff5f3fd3000 rw-p 00013000 08:05 790955                     /lib/x86_64-linux-gnu/libbsd.so.0.8.6
7ff5f3fd3000-7ff5f3fd4000 rw-p 00000000 00:00 0 
7ff5f3fd4000-7ff5f5850000 r-xp 00000000 08:05 21897508                   /usr/lib/x86_64-linux-gnu/libicudata.so.57.1
7ff5f5850000-7ff5f5a4f000 ---p 0187c000 08:05 21897508                   /usr/lib/x86_64-linux-gnu/libicudata.so.57.1
7ff5f5a4f000-7ff5f5a50000 r--p 0187b000 08:05 21897508                   /usr/lib/x86_64-linux-gnu/libicudata.so.57.1
7ff5f5a50000-7ff5f5a51000 rw-p 0187c000 08:05 21897508                   /usr/lib/x86_64-linux-gnu/libicudata.so.57.1
7ff5f5a51000-7ff5f5a67000 r-xp 00000000 08:05 791104                     /lib/x86_64-linux-gnu/libresolv-2.26.so
7ff5f5a67000-7ff5f5c67000 ---p 00016000 08:05 791104                     /lib/x86_64-linux-gnu/libresolv-2.26.so
7ff5f5c67000-7ff5f5c68000 r--p 00016000 08:05 791104                     /lib/x86_64-linux-gnu/libresolv-2.26.so
7ff5f5c68000-7ff5f5c69000 rw-p 00017000 08:05 791104                     /lib/x86_64-linux-gnu/libresolv-2.26.so
7ff5f5c69000-7ff5f5c6b000 rw-p 00000000 00:00 0 
7ff5f5c6b000-7ff5f5c6e000 r-xp 00000000 08:05 791016                     /lib/x86_64-linux-gnu/libkeyutils.so.1.5
7ff5f5c6e000-7ff5f5e6d000 ---p 00003000 08:05 791016                     /lib/x86_64-linux-gnu/libkeyutils.so.1.5
7ff5f5e6d000-7ff5f5e6e000 r--p 00002000 08:05 791016                     /lib/x86_64-linux-gnu/libkeyutils.so.1.5
7ff5f5e6e000-7ff5f5e6f000 rw-p 00003000 08:05 791016                     /lib/x86_64-linux-gnu/libkeyutils.so.1.5
7ff5f5e6f000-7ff5f5e74000 r-xp 00000000 08:05 21896898                   /usr/lib/x86_64-linux-gnu/libXdmcp.so.6.0.0
7ff5f5e74000-7ff5f6073000 ---p 00005000 08:05 21896898                   /usr/lib/x86_64-linux-gnu/libXdmcp.so.6.0.0
7ff5f6073000-7ff5f6074000 r--p 00004000 08:05 21896898                   /usr/lib/x86_64-linux-gnu/libXdmcp.so.6.0.0
7ff5f6074000-7ff5f6075000 rw-p 00005000 08:05 21896898                   /usr/lib/x86_64-linux-gnu/libXdmcp.so.6.0.0
7ff5f6075000-7ff5f6077000 r-xp 00000000 08:05 21896887                   /usr/lib/x86_64-linux-gnu/libXau.so.6.0.0
7ff5f6077000-7ff5f6277000 ---p 00002000 08:05 21896887                   /usr/lib/x86_64-linux-gnu/libXau.so.6.0.0
7ff5f6277000-7ff5f6278000 r--p 00002000 08:05 21896887                   /usr/lib/x86_64-linux-gnu/libXau.so.6.0.0
7ff5f6278000-7ff5f6279000 rw-p 00003000 08:05 21896887                   /usr/lib/x86_64-linux-gnu/libXau.so.6.0.0
7ff5f6279000-7ff5f6280000 r-xp 00000000 08:05 21897222                   /usr/lib/x86_64-linux-gnu/libffi.so.6.0.4
7ff5f6280000-7ff5f647f000 ---p 00007000 08:05 21897222                   /usr/lib/x86_64-linux-gnu/libffi.so.6.0.4
7ff5f647f000-7ff5f6480000 r--p 00006000 08:05 21897222                   /usr/lib/x86_64-linux-gnu/libffi.so.6.0.4
7ff5f6480000-7ff5f6481000 rw-p 00007000 08:05 21897222                   /usr/lib/x86_64-linux-gnu/libffi.so.6.0.4
7ff5f6481000-7ff5f64a9000 r-xp 00000000 08:05 790990                     /lib/x86_64-linux-gnu/libexpat.so.1.6.5
7ff5f64a9000-7ff5f66a9000 ---p 00028000 08:05 790990                     /lib/x86_64-linux-gnu/libexpat.so.1.6.5
7ff5f66a9000-7ff5f66ab000 r--p 00028000 08:05 790990                     /lib/x86_64-linux-gnu/libexpat.so.1.6.5
7ff5f66ab000-7ff5f66ac000 rw-p 0002a000 08:05 790990                     /lib/x86_64-linux-gnu/libexpat.so.1.6.5
7ff5f66ac000-7ff5f683c000 r-xp 00000000 08:05 21897522                   /usr/lib/x86_64-linux-gnu/libicuuc.so.57.1
7ff5f683c000-7ff5f6a3c000 ---p 00190000 08:05 21897522                   /usr/lib/x86_64-linux-gnu/libicuuc.so.57.1
7ff5f6a3c000-7ff5f6a4e000 r--p 00190000 08:05 21897522                   /usr/lib/x86_64-linux-gnu/libicuuc.so.57.1
7ff5f6a4e000-7ff5f6a4f000 rw-p 001a2000 08:05 21897522                   /usr/lib/x86_64-linux-gnu/libicuuc.so.57.1
7ff5f6a4f000-7ff5f6a51000 rw-p 00000000 00:00 0 
7ff5f6a51000-7ff5f6a5b000 r-xp 00000000 08:05 21897583                   /usr/lib/x86_64-linux-gnu/libkrb5support.so.0.1
7ff5f6a5b000-7ff5f6c5a000 ---p 0000a000 08:05 21897583                   /usr/lib/x86_64-linux-gnu/libkrb5support.so.0.1
7ff5f6c5a000-7ff5f6c5b000 r--p 00009000 08:05 21897583                   /usr/lib/x86_64-linux-gnu/libkrb5support.so.0.1
7ff5f6c5b000-7ff5f6c5c000 rw-p 0000a000 08:05 21897583                   /usr/lib/x86_64-linux-gnu/libkrb5support.so.0.1
7ff5f6c5c000-7ff5f6c5f000 r-xp 00000000 08:05 790968                     /lib/x86_64-linux-gnu/libcom_err.so.2.1
7ff5f6c5f000-7ff5f6e5e000 ---p 00003000 08:05 790968                     /lib/x86_64-linux-gnu/libcom_err.so.2.1
7ff5f6e5e000-7ff5f6e5f000 r--p 00002000 08:05 790968                     /lib/x86_64-linux-gnu/libcom_err.so.2.1
7ff5f6e5f000-7ff5f6e60000 rw-p 00003000 08:05 790968                     /lib/x86_64-linux-gnu/libcom_err.so.2.1
7ff5f6e60000-7ff5f6e8f000 r-xp 00000000 08:05 21897573                   /usr/lib/x86_64-linux-gnu/libk5crypto.so.3.1
7ff5f6e8f000-7ff5f708e000 ---p 0002f000 08:05 21897573                   /usr/lib/x86_64-linux-gnu/libk5crypto.so.3.1
7ff5f708e000-7ff5f7090000 r--p 0002e000 08:05 21897573                   /usr/lib/x86_64-linux-gnu/libk5crypto.so.3.1
7ff5f7090000-7ff5f7091000 rw-p 00030000 08:05 21897573                   /usr/lib/x86_64-linux-gnu/libk5crypto.so.3.1
7ff5f7091000-7ff5f7092000 rw-p 00000000 00:00 0 
7ff5f7092000-7ff5f7156000 r-xp 00000000 08:05 21897581                   /usr/lib/x86_64-linux-gnu/libkrb5.so.3.3
7ff5f7156000-7ff5f7355000 ---p 000c4000 08:05 21897581                   /usr/lib/x86_64-linux-gnu/libkrb5.so.3.3
7ff5f7355000-7ff5f7363000 r--p 000c3000 08:05 21897581                   /usr/lib/x86_64-linux-gnu/libkrb5.so.3.3
7ff5f7363000-7ff5f7365000 rw-p 000d1000 08:05 21897581                   /usr/lib/x86_64-linux-gnu/libkrb5.so.3.3
7ff5f7365000-7ff5f7379000 r-xp 00000000 08:05 791003                     /lib/x86_64-linux-gnu/libgpg-error.so.0.22.0
7ff5f7379000-7ff5f7578000 ---p 00014000 08:05 791003                     /lib/x86_64-linux-gnu/libgpg-error.so.0.22.0
7ff5f7578000-7ff5f7579000 r--p 00013000 08:05 791003                     /lib/x86_64-linux-gnu/libgpg-error.so.0.22.0
7ff5f7579000-7ff5f757a000 rw-p 00014000 08:05 791003                     /lib/x86_64-linux-gnu/libgpg-error.so.0.22.0
7ff5f757a000-7ff5f7583000 r-xp 00000000 08:05 21896922                   /usr/lib/x86_64-linux-gnu/libXrender.so.1.3.0
7ff5f7583000-7ff5f7782000 ---p 00009000 08:05 21896922                   /usr/lib/x86_64-linux-gnu/libXrender.so.1.3.0
7ff5f7782000-7ff5f7783000 r--p 00008000 08:05 21896922                   /usr/lib/x86_64-linux-gnu/libXrender.so.1.3.0
7ff5f7783000-7ff5f7784000 rw-p 00009000 08:05 21896922                   /usr/lib/x86_64-linux-gnu/libXrender.so.1.3.0
7ff5f7784000-7ff5f7790000 r-xp 00000000 08:05 21898116                   /usr/lib/x86_64-linux-gnu/libxcb-render.so.0.0.0
7ff5f7790000-7ff5f798f000 ---p 0000c000 08:05 21898116                   /usr/lib/x86_64-linux-gnu/libxcb-render.so.0.0.0
7ff5f798f000-7ff5f7990000 r--p 0000b000 08:05 21898116                   /usr/lib/x86_64-linux-gnu/libxcb-render.so.0.0.0
7ff5f7990000-7ff5f7991000 rw-p 0000c000 08:05 21898116                   /usr/lib/x86_64-linux-gnu/libxcb-render.so.0.0.0
7ff5f7991000-7ff5f7993000 r-xp 00000000 08:05 21898122                   /usr/lib/x86_64-linux-gnu/libxcb-shm.so.0.0.0
7ff5f7993000-7ff5f7b92000 ---p 00002000 08:05 21898122                   /usr/lib/x86_64-linux-gnu/libxcb-shm.so.0.0.0
7ff5f7b92000-7ff5f7b93000 r--p 00001000 08:05 21898122                   /usr/lib/x86_64-linux-gnu/libxcb-shm.so.0.0.0
7ff5f7b93000-7ff5f7b94000 rw-p 00002000 08:05 21898122                   /usr/lib/x86_64-linux-gnu/libxcb-shm.so.0.0.0
7ff5f7b94000-7ff5f7c32000 r-xp 00000000 08:05 21897767                   /usr/lib/x86_64-linux-gnu/libpixman-1.so.0.34.0
7ff5f7c32000-7ff5f7e31000 ---p 0009e000 08:05 21897767                   /usr/lib/x86_64-linux-gnu/libpixman-1.so.0.34.0
7ff5f7e31000-7ff5f7e39000 r--p 0009d000 08:05 21897767                   /usr/lib/x86_64-linux-gnu/libpixman-1.so.0.34.0
7ff5f7e39000-7ff5f7e3a000 rw-p 000a5000 08:05 21897767                   /usr/lib/x86_64-linux-gnu/libpixman-1.so.0.34.0
7ff5f7e3a000-7ff5f7e68000 r-xp 00000000 08:05 21897372                   /usr/lib/x86_64-linux-gnu/libgomp.so.1.0.0
7ff5f7e68000-7ff5f8067000 ---p 0002e000 08:05 21897372                   /usr/lib/x86_64-linux-gnu/libgomp.so.1.0.0
7ff5f8067000-7ff5f8068000 r--p 0002d000 08:05 21897372                   /usr/lib/x86_64-linux-gnu/libgomp.so.1.0.0
7ff5f8068000-7ff5f8069000 rw-p 0002e000 08:05 21897372                   /usr/lib/x86_64-linux-gnu/libgomp.so.1.0.0
7ff5f8069000-7ff5f8079000 r-xp 00000000 08:05 21897150                   /usr/lib/x86_64-linux-gnu/libdrm.so.2.4.0
7ff5f8079000-7ff5f8278000 ---p 00010000 08:05 21897150                   /usr/lib/x86_64-linux-gnu/libdrm.so.2.4.0
7ff5f8278000-7ff5f8279000 r--p 0000f000 08:05 21897150                   /usr/lib/x86_64-linux-gnu/libdrm.so.2.4.0
7ff5f8279000-7ff5f827a000 rw-p 00010000 08:05 21897150                   /usr/lib/x86_64-linux-gnu/libdrm.so.2.4.0
7ff5f827a000-7ff5f827f000 r-xp 00000000 08:05 21896902                   /usr/lib/x86_64-linux-gnu/libXfixes.so.3.1.0
7ff5f827f000-7ff5f847e000 ---p 00005000 08:05 21896902                   /usr/lib/x86_64-linux-gnu/libXfixes.so.3.1.0
7ff5f847e000-7ff5f847f000 r--p 00004000 08:05 21896902                   /usr/lib/x86_64-linux-gnu/libXfixes.so.3.1.0
7ff5f847f000-7ff5f8480000 rw-p 00005000 08:05 21896902                   /usr/lib/x86_64-linux-gnu/libXfixes.so.3.1.0
7ff5f8480000-7ff5f8491000 r-xp 00000000 08:05 21896900                   /usr/lib/x86_64-linux-gnu/libXext.so.6.4.0
7ff5f8491000-7ff5f8690000 ---p 00011000 08:05 21896900                   /usr/lib/x86_64-linux-gnu/libXext.so.6.4.0
7ff5f8690000-7ff5f8691000 r--p 00010000 08:05 21896900                   /usr/lib/x86_64-linux-gnu/libXext.so.6.4.0
7ff5f8691000-7ff5f8692000 rw-p 00011000 08:05 21896900                   /usr/lib/x86_64-linux-gnu/libXext.so.6.4.0
7ff5f8692000-7ff5f86b8000 r-xp 00000000 08:05 21898134                   /usr/lib/x86_64-linux-gnu/libxcb.so.1.1.0
7ff5f86b8000-7ff5f88b7000 ---p 00026000 08:05 21898134                   /usr/lib/x86_64-linux-gnu/libxcb.so.1.1.0
7ff5f88b7000-7ff5f88b8000 r--p 00025000 08:05 21898134                   /usr/lib/x86_64-linux-gnu/libxcb.so.1.1.0
7ff5f88b8000-7ff5f88b9000 rw-p 00026000 08:05 21898134                   /usr/lib/x86_64-linux-gnu/libxcb.so.1.1.0
7ff5f88b9000-7ff5f8937000 r-xp 00000000 08:05 21897344                   /usr/lib/x86_64-linux-gnu/libgmp.so.10.3.2
7ff5f8937000-7ff5f8b37000 ---p 0007e000 08:05 21897344                   /usr/lib/x86_64-linux-gnu/libgmp.so.10.3.2
7ff5f8b37000-7ff5f8b38000 r--p 0007e000 08:05 21897344                   /usr/lib/x86_64-linux-gnu/libgmp.so.10.3.2
7ff5f8b38000-7ff5f8b39000 rw-p 0007f000 08:05 21897344                   /usr/lib/x86_64-linux-gnu/libgmp.so.10.3.2
7ff5f8b39000-7ff5f8b6b000 r-xp 00000000 08:05 21897480                   /usr/lib/x86_64-linux-gnu/libhogweed.so.4.3
7ff5f8b6b000-7ff5f8d6a000 ---p 00032000 08:05 21897480                   /usr/lib/x86_64-linux-gnu/libhogweed.so.4.3
7ff5f8d6a000-7ff5f8d6b000 r--p 00031000 08:05 21897480                   /usr/lib/x86_64-linux-gnu/libhogweed.so.4.3
7ff5f8d6b000-7ff5f8d6c000 rw-p 00032000 08:05 21897480                   /usr/lib/x86_64-linux-gnu/libhogweed.so.4.3
7ff5f8d6c000-7ff5f8d9f000 r-xp 00000000 08:05 21897685                   /usr/lib/x86_64-linux-gnu/libnettle.so.6.3
7ff5f8d9f000-7ff5f8f9e000 ---p 00033000 08:05 21897685                   /usr/lib/x86_64-linux-gnu/libnettle.so.6.3
7ff5f8f9e000-7ff5f8fa0000 r--p 00032000 08:05 21897685                   /usr/lib/x86_64-linux-gnu/libnettle.so.6.3
7ff5f8fa0000-7ff5f8fa1000 rw-p 00034000 08:05 21897685                   /usr/lib/x86_64-linux-gnu/libnettle.so.6.3
7ff5f8fa1000-7ff5f8fb2000 r-xp 00000000 08:05 21897937                   /usr/lib/x86_64-linux-gnu/libtasn1.so.6.5.4
7ff5f8fb2000-7ff5f91b2000 ---p 00011000 08:05 21897937                   /usr/lib/x86_64-linux-gnu/libtasn1.so.6.5.4
7ff5f91b2000-7ff5f91b3000 r--p 00011000 08:05 21897937                   /usr/lib/x86_64-linux-gnu/libtasn1.so.6.5.4
7ff5f91b3000-7ff5f91b4000 rw-p 00012000 08:05 21897937                   /usr/lib/x86_64-linux-gnu/libtasn1.so.6.5.4
7ff5f91b4000-7ff5f91e6000 r-xp 00000000 08:05 791009                     /lib/x86_64-linux-gnu/libidn.so.11.6.16
7ff5f91e6000-7ff5f93e5000 ---p 00032000 08:05 791009                     /lib/x86_64-linux-gnu/libidn.so.11.6.16
7ff5f93e5000-7ff5f93e6000 r--p 00031000 08:05 791009                     /lib/x86_64-linux-gnu/libidn.so.11.6.16
7ff5f93e6000-7ff5f93e7000 rw-p 00032000 08:05 791009                     /lib/x86_64-linux-gnu/libidn.so.11.6.16
7ff5f93e7000-7ff5f9502000 r-xp 00000000 08:05 21897727                   /usr/lib/x86_64-linux-gnu/libp11-kit.so.0.3.0
7ff5f9502000-7ff5f9702000 ---p 0011b000 08:05 21897727                   /usr/lib/x86_64-linux-gnu/libp11-kit.so.0.3.0
7ff5f9702000-7ff5f970c000 r--p 0011b000 08:05 21897727                   /usr/lib/x86_64-linux-gnu/libp11-kit.so.0.3.0
7ff5f970c000-7ff5f9716000 rw-p 00125000 08:05 21897727                   /usr/lib/x86_64-linux-gnu/libp11-kit.so.0.3.0
7ff5f9716000-7ff5f9717000 rw-p 00000000 00:00 0 
7ff5f9717000-7ff5f97c3000 r-xp 00000000 08:05 21897268                   /usr/lib/x86_64-linux-gnu/libfreetype.so.6.14.0
7ff5f97c3000-7ff5f99c2000 ---p 000ac000 08:05 21897268                   /usr/lib/x86_64-linux-gnu/libfreetype.so.6.14.0
7ff5f99c2000-7ff5f99c9000 r--p 000ab000 08:05 21897268                   /usr/lib/x86_64-linux-gnu/libfreetype.so.6.14.0
7ff5f99c9000-7ff5f99ca000 rw-p 000b2000 08:05 21897268                   /usr/lib/x86_64-linux-gnu/libfreetype.so.6.14.0
7ff5f99ca000-7ff5f9a07000 r-xp 00000000 08:05 21897236                   /usr/lib/x86_64-linux-gnu/libfontconfig.so.1.9.0
7ff5f9a07000-7ff5f9c06000 ---p 0003d000 08:05 21897236                   /usr/lib/x86_64-linux-gnu/libfontconfig.so.1.9.0
7ff5f9c06000-7ff5f9c08000 r--p 0003c000 08:05 21897236                   /usr/lib/x86_64-linux-gnu/libfontconfig.so.1.9.0
7ff5f9c08000-7ff5f9c0d000 rw-p 0003e000 08:05 21897236                   /usr/lib/x86_64-linux-gnu/libfontconfig.so.1.9.0
7ff5f9c0d000-7ff5f9dc3000 r-xp 00000000 08:05 21898144                   /usr/lib/x86_64-linux-gnu/libxml2.so.2.9.4
7ff5f9dc3000-7ff5f9fc3000 ---p 001b6000 08:05 21898144                   /usr/lib/x86_64-linux-gnu/libxml2.so.2.9.4
7ff5f9fc3000-7ff5f9fcb000 r--p 001b6000 08:05 21898144                   /usr/lib/x86_64-linux-gnu/libxml2.so.2.9.4
7ff5f9fcb000-7ff5f9fcd000 rw-p 001be000 08:05 21898144                   /usr/lib/x86_64-linux-gnu/libxml2.so.2.9.4
7ff5f9fcd000-7ff5f9fce000 rw-p 00000000 00:00 0 
7ff5f9fce000-7ff5f9fd5000 r-xp 00000000 08:05 21898011                   /usr/lib/x86_64-linux-gnu/libvorbisfile.so.3.3.7
7ff5f9fd5000-7ff5fa1d5000 ---p 00007000 08:05 21898011                   /usr/lib/x86_64-linux-gnu/libvorbisfile.so.3.3.7
7ff5fa1d5000-7ff5fa1d6000 r--p 00007000 08:05 21898011                   /usr/lib/x86_64-linux-gnu/libvorbisfile.so.3.3.7
7ff5fa1d6000-7ff5fa1d7000 rw-p 00008000 08:05 21898011                   /usr/lib/x86_64-linux-gnu/libvorbisfile.so.3.3.7
7ff5fa1d7000-7ff5fa224000 r-xp 00000000 08:05 21890861                   /usr/lib/x86_64-linux-gnu/libmpg123.so.0.44.5
7ff5fa224000-7ff5fa424000 ---p 0004d000 08:05 21890861                   /usr/lib/x86_64-linux-gnu/libmpg123.so.0.44.5
7ff5fa424000-7ff5fa425000 r--p 0004d000 08:05 21890861                   /usr/lib/x86_64-linux-gnu/libmpg123.so.0.44.5
7ff5fa425000-7ff5fa426000 rw-p 0004e000 08:05 21890861                   /usr/lib/x86_64-linux-gnu/libmpg123.so.0.44.5
7ff5fa426000-7ff5fa436000 rw-p 00000000 00:00 0 
7ff5fa436000-7ff5fa47d000 r-xp 00000000 08:05 21897401                   /usr/lib/x86_64-linux-gnu/libgssapi_krb5.so.2.2
7ff5fa47d000-7ff5fa67d000 ---p 00047000 08:05 21897401                   /usr/lib/x86_64-linux-gnu/libgssapi_krb5.so.2.2
7ff5fa67d000-7ff5fa67e000 r--p 00047000 08:05 21897401                   /usr/lib/x86_64-linux-gnu/libgssapi_krb5.so.2.2
7ff5fa67e000-7ff5fa680000 rw-p 00048000 08:05 21897401                   /usr/lib/x86_64-linux-gnu/libgssapi_krb5.so.2.2
7ff5fa680000-7ff5fa786000 r-xp 00000000 08:05 790999                     /lib/x86_64-linux-gnu/libgcrypt.so.20.1.8
7ff5fa786000-7ff5fa985000 ---p 00106000 08:05 790999                     /lib/x86_64-linux-gnu/libgcrypt.so.20.1.8
7ff5fa985000-7ff5fa987000 r--p 00105000 08:05 790999                     /lib/x86_64-linux-gnu/libgcrypt.so.20.1.8
7ff5fa987000-7ff5fa98d000 rw-p 00107000 08:05 790999                     /lib/x86_64-linux-gnu/libgcrypt.so.20.1.8
7ff5fa98d000-7ff5fa98e000 rw-p 00000000 00:00 0 
7ff5fa98e000-7ff5faa99000 r-xp 00000000 08:05 21897024                   /usr/lib/x86_64-linux-gnu/libcairo.so.2.11400.10
7ff5faa99000-7ff5fac99000 ---p 0010b000 08:05 21897024                   /usr/lib/x86_64-linux-gnu/libcairo.so.2.11400.10
7ff5fac99000-7ff5fac9c000 r--p 0010b000 08:05 21897024                   /usr/lib/x86_64-linux-gnu/libcairo.so.2.11400.10
7ff5fac9c000-7ff5fac9d000 rw-p 0010e000 08:05 21897024                   /usr/lib/x86_64-linux-gnu/libcairo.so.2.11400.10
7ff5fac9d000-7ff5fac9f000 rw-p 00000000 00:00 0 
7ff5fac9f000-7ff5faca6000 r-xp 00000000 08:05 21897712                   /usr/lib/x86_64-linux-gnu/libogg.so.0.8.2
7ff5faca6000-7ff5faea6000 ---p 00007000 08:05 21897712                   /usr/lib/x86_64-linux-gnu/libogg.so.0.8.2
7ff5faea6000-7ff5faea7000 r--p 00007000 08:05 21897712                   /usr/lib/x86_64-linux-gnu/libogg.so.0.8.2
7ff5faea7000-7ff5faea8000 rw-p 00008000 08:05 21897712                   /usr/lib/x86_64-linux-gnu/libogg.so.0.8.2
7ff5faea8000-7ff5faeb2000 r-xp 00000000 08:05 21897706                   /usr/lib/x86_64-linux-gnu/libnuma.so.1.0.0
7ff5faeb2000-7ff5fb0b1000 ---p 0000a000 08:05 21897706                   /usr/lib/x86_64-linux-gnu/libnuma.so.1.0.0
7ff5fb0b1000-7ff5fb0b2000 r--p 00009000 08:05 21897706                   /usr/lib/x86_64-linux-gnu/libnuma.so.1.0.0
7ff5fb0b2000-7ff5fb0b3000 rw-p 0000a000 08:05 21897706                   /usr/lib/x86_64-linux-gnu/libnuma.so.1.0.0
7ff5fb0b3000-7ff5fb0e4000 r-xp 00000000 08:05 21897773                   /usr/lib/x86_64-linux-gnu/libpng16.so.16.34.0
7ff5fb0e4000-7ff5fb2e3000 ---p 00031000 08:05 21897773                   /usr/lib/x86_64-linux-gnu/libpng16.so.16.34.0
7ff5fb2e3000-7ff5fb2e4000 r--p 00030000 08:05 21897773                   /usr/lib/x86_64-linux-gnu/libpng16.so.16.34.0
7ff5fb2e4000-7ff5fb2e5000 rw-p 00031000 08:05 21897773                   /usr/lib/x86_64-linux-gnu/libpng16.so.16.34.0
7ff5fb2e5000-7ff5fb310000 r-xp 00000000 08:05 21890175                   /usr/lib/x86_64-linux-gnu/libsoxr.so.0.1.1
7ff5fb310000-7ff5fb50f000 ---p 0002b000 08:05 21890175                   /usr/lib/x86_64-linux-gnu/libsoxr.so.0.1.1
7ff5fb50f000-7ff5fb511000 r--p 0002a000 08:05 21890175                   /usr/lib/x86_64-linux-gnu/libsoxr.so.0.1.1
7ff5fb511000-7ff5fb512000 rw-p 0002c000 08:05 21890175                   /usr/lib/x86_64-linux-gnu/libsoxr.so.0.1.1
7ff5fb512000-7ff5fb547000 rw-p 00000000 00:00 0 
7ff5fb547000-7ff5fb549000 r-xp 00000000 08:05 21889285                   /usr/lib/x86_64-linux-gnu/libva-drm.so.1.4000.0
7ff5fb549000-7ff5fb748000 ---p 00002000 08:05 21889285                   /usr/lib/x86_64-linux-gnu/libva-drm.so.1.4000.0
7ff5fb748000-7ff5fb749000 r--p 00001000 08:05 21889285                   /usr/lib/x86_64-linux-gnu/libva-drm.so.1.4000.0
7ff5fb749000-7ff5fb74a000 rw-p 00002000 08:05 21889285                   /usr/lib/x86_64-linux-gnu/libva-drm.so.1.4000.0
7ff5fb74a000-7ff5fb74f000 r-xp 00000000 08:05 21889289                   /usr/lib/x86_64-linux-gnu/libva-x11.so.1.4000.0
7ff5fb74f000-7ff5fb94e000 ---p 00005000 08:05 21889289                   /usr/lib/x86_64-linux-gnu/libva-x11.so.1.4000.0
7ff5fb94e000-7ff5fb94f000 r--p 00004000 08:05 21889289                   /usr/lib/x86_64-linux-gnu/libva-x11.so.1.4000.0
7ff5fb94f000-7ff5fb950000 rw-p 00005000 08:05 21889289                   /usr/lib/x86_64-linux-gnu/libva-x11.so.1.4000.0
7ff5fb950000-7ff5fb953000 r-xp 00000000 08:05 21889291                   /usr/lib/x86_64-linux-gnu/libvdpau.so.1.0.0
7ff5fb953000-7ff5fbb52000 ---p 00003000 08:05 21889291                   /usr/lib/x86_64-linux-gnu/libvdpau.so.1.0.0
7ff5fbb52000-7ff5fbb53000 r--p 00002000 08:05 21889291                   /usr/lib/x86_64-linux-gnu/libvdpau.so.1.0.0
7ff5fbb53000-7ff5fbb54000 rw-p 00003000 08:05 21889291                   /usr/lib/x86_64-linux-gnu/libvdpau.so.1.0.0
7ff5fbb54000-7ff5fbc88000 r-xp 00000000 08:05 21896883                   /usr/lib/x86_64-linux-gnu/libX11.so.6.3.0
7ff5fbc88000-7ff5fbe88000 ---p 00134000 08:05 21896883                   /usr/lib/x86_64-linux-gnu/libX11.so.6.3.0
7ff5fbe88000-7ff5fbe89000 r--p 00134000 08:05 21896883                   /usr/lib/x86_64-linux-gnu/libX11.so.6.3.0
7ff5fbe89000-7ff5fbe8d000 rw-p 00135000 08:05 21896883                   /usr/lib/x86_64-linux-gnu/libX11.so.6.3.0
7ff5fbe8d000-7ff5fbe9c000 r-xp 00000000 08:05 790958                     /lib/x86_64-linux-gnu/libbz2.so.1.0.4
7ff5fbe9c000-7ff5fc09b000 ---p 0000f000 08:05 790958                     /lib/x86_64-linux-gnu/libbz2.so.1.0.4
7ff5fc09b000-7ff5fc09c000 r--p 0000e000 08:05 790958                     /lib/x86_64-linux-gnu/libbz2.so.1.0.4
7ff5fc09c000-7ff5fc09d000 rw-p 0000f000 08:05 790958                     /lib/x86_64-linux-gnu/libbz2.so.1.0.4
7ff5fc09d000-7ff5fc0af000 r-xp 00000000 08:05 21890816                   /usr/lib/x86_64-linux-gnu/libchromaprint.so.1.4.2
7ff5fc0af000-7ff5fc2af000 ---p 00012000 08:05 21890816                   /usr/lib/x86_64-linux-gnu/libchromaprint.so.1.4.2
7ff5fc2af000-7ff5fc2b0000 r--p 00012000 08:05 21890816                   /usr/lib/x86_64-linux-gnu/libchromaprint.so.1.4.2
7ff5fc2b0000-7ff5fc2b1000 rw-p 00013000 08:05 21890816                   /usr/lib/x86_64-linux-gnu/libchromaprint.so.1.4.2
7ff5fc2b1000-7ff5fc435000 r-xp 00000000 08:05 21897362                   /usr/lib/x86_64-linux-gnu/libgnutls.so.30.13.1
7ff5fc435000-7ff5fc635000 ---p 00184000 08:05 21897362                   /usr/lib/x86_64-linux-gnu/libgnutls.so.30.13.1
7ff5fc635000-7ff5fc641000 r--p 00184000 08:05 21897362                   /usr/lib/x86_64-linux-gnu/libgnutls.so.30.13.1
7ff5fc641000-7ff5fc642000 rw-p 00190000 08:05 21897362                   /usr/lib/x86_64-linux-gnu/libgnutls.so.30.13.1
7ff5fc642000-7ff5fc643000 rw-p 00000000 00:00 0 
7ff5fc643000-7ff5fc68e000 r-xp 00000000 08:05 21890802                   /usr/lib/x86_64-linux-gnu/libbluray.so.2.0.1
7ff5fc68e000-7ff5fc88d000 ---p 0004b000 08:05 21890802                   /usr/lib/x86_64-linux-gnu/libbluray.so.2.0.1
7ff5fc88d000-7ff5fc88f000 r--p 0004a000 08:05 21890802                   /usr/lib/x86_64-linux-gnu/libbluray.so.2.0.1
7ff5fc88f000-7ff5fc890000 rw-p 0004c000 08:05 21890802                   /usr/lib/x86_64-linux-gnu/libbluray.so.2.0.1
7ff5fc890000-7ff5fc8da000 r-xp 00000000 08:05 21890859                   /usr/lib/x86_64-linux-gnu/libgme.so.0.6.1
7ff5fc8da000-7ff5fcad9000 ---p 0004a000 08:05 21890859                   /usr/lib/x86_64-linux-gnu/libgme.so.0.6.1
7ff5fcad9000-7ff5fcadc000 r--p 00049000 08:05 21890859                   /usr/lib/x86_64-linux-gnu/libgme.so.0.6.1
7ff5fcadc000-7ff5fcadd000 rw-p 0004c000 08:05 21890859                   /usr/lib/x86_64-linux-gnu/libgme.so.0.6.1
7ff5fcadd000-7ff5fcc12000 r-xp 00000000 08:05 21891625                   /usr/lib/x86_64-linux-gnu/libopenmpt.so.0.0.27
7ff5fcc12000-7ff5fce12000 ---p 00135000 08:05 21891625                   /usr/lib/x86_64-linux-gnu/libopenmpt.so.0.0.27
7ff5fce12000-7ff5fce16000 r--p 00135000 08:05 21891625                   /usr/lib/x86_64-linux-gnu/libopenmpt.so.0.0.27
7ff5fce16000-7ff5fce17000 rw-p 00139000 08:05 21891625                   /usr/lib/x86_64-linux-gnu/libopenmpt.so.0.0.27
7ff5fce17000-7ff5fce69000 rw-p 00000000 00:00 0 
7ff5fce69000-7ff5fced5000 r-xp 00000000 08:05 21891627                   /usr/lib/x86_64-linux-gnu/libssh-gcrypt.so.4.4.2
7ff5fced5000-7ff5fd0d5000 ---p 0006c000 08:05 21891627                   /usr/lib/x86_64-linux-gnu/libssh-gcrypt.so.4.4.2
7ff5fd0d5000-7ff5fd0d6000 r--p 0006c000 08:05 21891627                   /usr/lib/x86_64-linux-gnu/libssh-gcrypt.so.4.4.2
7ff5fd0d6000-7ff5fd0d7000 rw-p 0006d000 08:05 21891627                   /usr/lib/x86_64-linux-gnu/libssh-gcrypt.so.4.4.2
7ff5fd0d7000-7ff5fd0fb000 r-xp 00000000 08:05 791022                     /lib/x86_64-linux-gnu/liblzma.so.5.2.2
7ff5fd0fb000-7ff5fd2fb000 ---p 00024000 08:05 791022                     /lib/x86_64-linux-gnu/liblzma.so.5.2.2
7ff5fd2fb000-7ff5fd2fc000 r--p 00024000 08:05 791022                     /lib/x86_64-linux-gnu/liblzma.so.5.2.2
7ff5fd2fc000-7ff5fd2fd000 rw-p 00025000 08:05 791022                     /lib/x86_64-linux-gnu/liblzma.so.5.2.2
7ff5fd2fd000-7ff5fd317000 r-xp 00000000 08:05 21889298                   /usr/lib/x86_64-linux-gnu/libcrystalhd.so.3.6
7ff5fd317000-7ff5fd516000 ---p 0001a000 08:05 21889298                   /usr/lib/x86_64-linux-gnu/libcrystalhd.so.3.6
7ff5fd516000-7ff5fd517000 r--p 00019000 08:05 21889298                   /usr/lib/x86_64-linux-gnu/libcrystalhd.so.3.6
7ff5fd517000-7ff5fd518000 rw-p 0001a000 08:05 21889298                   /usr/lib/x86_64-linux-gnu/libcrystalhd.so.3.6
7ff5fd518000-7ff5fd525000 r-xp 00000000 08:05 21889156                   /usr/lib/x86_64-linux-gnu/libgsm.so.1.0.12
7ff5fd525000-7ff5fd724000 ---p 0000d000 08:05 21889156                   /usr/lib/x86_64-linux-gnu/libgsm.so.1.0.12
7ff5fd724000-7ff5fd725000 r--p 0000c000 08:05 21889156                   /usr/lib/x86_64-linux-gnu/libgsm.so.1.0.12
7ff5fd725000-7ff5fd726000 rw-p 0000d000 08:05 21889156                   /usr/lib/x86_64-linux-gnu/libgsm.so.1.0.12
7ff5fd726000-7ff5fd76b000 r-xp 00000000 08:05 21889405                   /usr/lib/x86_64-linux-gnu/libmp3lame.so.0.0.0
7ff5fd76b000-7ff5fd96b000 ---p 00045000 08:05 21889405                   /usr/lib/x86_64-linux-gnu/libmp3lame.so.0.0.0
7ff5fd96b000-7ff5fd96c000 r--p 00045000 08:05 21889405                   /usr/lib/x86_64-linux-gnu/libmp3lame.so.0.0.0
7ff5fd96c000-7ff5fd96d000 rw-p 00046000 08:05 21889405                   /usr/lib/x86_64-linux-gnu/libmp3lame.so.0.0.0
7ff5fd96d000-7ff5fd99b000 rw-p 00000000 00:00 0 
7ff5fd99b000-7ff5fd9ea000 r-xp 00000000 08:05 21889928                   /usr/lib/x86_64-linux-gnu/libopenjp2.so.2.2.0
7ff5fd9ea000-7ff5fdbe9000 ---p 0004f000 08:05 21889928                   /usr/lib/x86_64-linux-gnu/libopenjp2.so.2.2.0
7ff5fdbe9000-7ff5fdbea000 r--p 0004e000 08:05 21889928                   /usr/lib/x86_64-linux-gnu/libopenjp2.so.2.2.0
7ff5fdbea000-7ff5fdbeb000 rw-p 0004f000 08:05 21889928                   /usr/lib/x86_64-linux-gnu/libopenjp2.so.2.2.0
7ff5fdbeb000-7ff5fdc34000 r-xp 00000000 08:05 21897715                   /usr/lib/x86_64-linux-gnu/libopus.so.0.5.2
7ff5fdc34000-7ff5fde33000 ---p 00049000 08:05 21897715                   /usr/lib/x86_64-linux-gnu/libopus.so.0.5.2
7ff5fde33000-7ff5fde34000 r--p 00048000 08:05 21897715                   /usr/lib/x86_64-linux-gnu/libopus.so.0.5.2
7ff5fde34000-7ff5fde35000 rw-p 00049000 08:05 21897715                   /usr/lib/x86_64-linux-gnu/libopus.so.0.5.2
7ff5fde35000-7ff5fde3f000 r-xp 00000000 08:05 21890169                   /usr/lib/x86_64-linux-gnu/libshine.so.3.0.1
7ff5fde3f000-7ff5fe03e000 ---p 0000a000 08:05 21890169                   /usr/lib/x86_64-linux-gnu/libshine.so.3.0.1
7ff5fe03e000-7ff5fe03f000 r--p 00009000 08:05 21890169                   /usr/lib/x86_64-linux-gnu/libshine.so.3.0.1
7ff5fe03f000-7ff5fe040000 rw-p 0000a000 08:05 21890169                   /usr/lib/x86_64-linux-gnu/libshine.so.3.0.1
7ff5fe040000-7ff5fe047000 r-xp 00000000 08:05 21890171                   /usr/lib/x86_64-linux-gnu/libsnappy.so.1.1.6
7ff5fe047000-7ff5fe246000 ---p 00007000 08:05 21890171                   /usr/lib/x86_64-linux-gnu/libsnappy.so.1.1.6
7ff5fe246000-7ff5fe247000 r--p 00006000 08:05 21890171                   /usr/lib/x86_64-linux-gnu/libsnappy.so.1.1.6
7ff5fe247000-7ff5fe248000 rw-p 00007000 08:05 21890171                   /usr/lib/x86_64-linux-gnu/libsnappy.so.1.1.6
7ff5fe248000-7ff5fe25f000 r-xp 00000000 08:05 21897912                   /usr/lib/x86_64-linux-gnu/libspeex.so.1.5.0
7ff5fe25f000-7ff5fe45f000 ---p 00017000 08:05 21897912                   /usr/lib/x86_64-linux-gnu/libspeex.so.1.5.0
7ff5fe45f000-7ff5fe460000 r--p 00017000 08:05 21897912                   /usr/lib/x86_64-linux-gnu/libspeex.so.1.5.0
7ff5fe460000-7ff5fe461000 rw-p 00018000 08:05 21897912                   /usr/lib/x86_64-linux-gnu/libspeex.so.1.5.0
7ff5fe461000-7ff5fe47e000 r-xp 00000000 08:05 21897953                   /usr/lib/x86_64-linux-gnu/libtheoradec.so.1.1.4
7ff5fe47e000-7ff5fe67d000 ---p 0001d000 08:05 21897953                   /usr/lib/x86_64-linux-gnu/libtheoradec.so.1.1.4
7ff5fe67d000-7ff5fe67e000 r--p 0001c000 08:05 21897953                   /usr/lib/x86_64-linux-gnu/libtheoradec.so.1.1.4
7ff5fe67e000-7ff5fe67f000 rw-p 0001d000 08:05 21897953                   /usr/lib/x86_64-linux-gnu/libtheoradec.so.1.1.4
7ff5fe67f000-7ff5fe6bd000 r-xp 00000000 08:05 21897955                   /usr/lib/x86_64-linux-gnu/libtheoraenc.so.1.1.2
7ff5fe6bd000-7ff5fe8bc000 ---p 0003e000 08:05 21897955                   /usr/lib/x86_64-linux-gnu/libtheoraenc.so.1.1.2
7ff5fe8bc000-7ff5fe8bd000 r--p 0003d000 08:05 21897955                   /usr/lib/x86_64-linux-gnu/libtheoraenc.so.1.1.2
7ff5fe8bd000-7ff5fe8be000 rw-p 0003e000 08:05 21897955                   /usr/lib/x86_64-linux-gnu/libtheoraenc.so.1.1.2
7ff5fe8be000-7ff5fe8db000 r-xp 00000000 08:05 21890181                   /usr/lib/x86_64-linux-gnu/libtwolame.so.0.0.0
7ff5fe8db000-7ff5feadb000 ---p 0001d000 08:05 21890181                   /usr/lib/x86_64-linux-gnu/libtwolame.so.0.0.0
7ff5feadb000-7ff5feadc000 r--p 0001d000 08:05 21890181                   /usr/lib/x86_64-linux-gnu/libtwolame.so.0.0.0
7ff5feadc000-7ff5feadd000 rw-p 0001e000 08:05 21890181                   /usr/lib/x86_64-linux-gnu/libtwolame.so.0.0.0
7ff5feadd000-7ff5feae1000 rw-p 00000000 00:00 0 
7ff5feae1000-7ff5feb0b000 r-xp 00000000 08:05 21898007                   /usr/lib/x86_64-linux-gnu/libvorbis.so.0.4.8
7ff5feb0b000-7ff5fed0a000 ---p 0002a000 08:05 21898007                   /usr/lib/x86_64-linux-gnu/libvorbis.so.0.4.8
7ff5fed0a000-7ff5fed0b000 r--p 00029000 08:05 21898007                   /usr/lib/x86_64-linux-gnu/libvorbis.so.0.4.8
7ff5fed0b000-7ff5fed0c000 rw-p 0002a000 08:05 21898007                   /usr/lib/x86_64-linux-gnu/libvorbis.so.0.4.8
7ff5fed0c000-7ff5fed99000 r-xp 00000000 08:05 21898009                   /usr/lib/x86_64-linux-gnu/libvorbisenc.so.2.0.11
7ff5fed99000-7ff5fef98000 ---p 0008d000 08:05 21898009                   /usr/lib/x86_64-linux-gnu/libvorbisenc.so.2.0.11
7ff5fef98000-7ff5fefb4000 r--p 0008c000 08:05 21898009                   /usr/lib/x86_64-linux-gnu/libvorbisenc.so.2.0.11
7ff5fefb4000-7ff5fefb5000 rw-p 000a8000 08:05 21898009                   /usr/lib/x86_64-linux-gnu/libvorbisenc.so.2.0.11
7ff5fefb5000-7ff5ff1ee000 r-xp 00000000 08:05 21898014                   /usr/lib/x86_64-linux-gnu/libvpx.so.4.1.0
7ff5ff1ee000-7ff5ff3ed000 ---p 00239000 08:05 21898014                   /usr/lib/x86_64-linux-gnu/libvpx.so.4.1.0
7ff5ff3ed000-7ff5ff3ef000 r--p 00238000 08:05 21898014                   /usr/lib/x86_64-linux-gnu/libvpx.so.4.1.0
7ff5ff3ef000-7ff5ff3f0000 rw-p 0023a000 08:05 21898014                   /usr/lib/x86_64-linux-gnu/libvpx.so.4.1.0
7ff5ff3f0000-7ff5ff3f2000 rw-p 00000000 00:00 0 
7ff5ff3f2000-7ff5ff41b000 r-xp 00000000 08:05 21898020                   /usr/lib/x86_64-linux-gnu/libwavpack.so.1.2.0
7ff5ff41b000-7ff5ff61a000 ---p 00029000 08:05 21898020                   /usr/lib/x86_64-linux-gnu/libwavpack.so.1.2.0
7ff5ff61a000-7ff5ff61b000 r--p 00028000 08:05 21898020                   /usr/lib/x86_64-linux-gnu/libwavpack.so.1.2.0
7ff5ff61b000-7ff5ff61c000 rw-p 00029000 08:05 21898020                   /usr/lib/x86_64-linux-gnu/libwavpack.so.1.2.0
7ff5ff61c000-7ff5ff680000 r-xp 00000000 08:05 21898034                   /usr/lib/x86_64-linux-gnu/libwebp.so.6.0.1
7ff5ff680000-7ff5ff87f000 ---p 00064000 08:05 21898034                   /usr/lib/x86_64-linux-gnu/libwebp.so.6.0.1
7ff5ff87f000-7ff5ff880000 r--p 00063000 08:05 21898034                   /usr/lib/x86_64-linux-gnu/libwebp.so.6.0.1
7ff5ff880000-7ff5ff881000 rw-p 00064000 08:05 21898034                   /usr/lib/x86_64-linux-gnu/libwebp.so.6.0.1
7ff5ff881000-7ff5ff883000 rw-p 00000000 00:00 0 
7ff5ff883000-7ff5ff9a8000 r-xp 00000000 08:05 21890197                   /usr/lib/x86_64-linux-gnu/libx264.so.148
7ff5ff9a8000-7ff5ffba8000 ---p 00125000 08:05 21890197                   /usr/lib/x86_64-linux-gnu/libx264.so.148
7ff5ffba8000-7ff5ffba9000 r--p 00125000 08:05 21890197                   /usr/lib/x86_64-linux-gnu/libx264.so.148
7ff5ffba9000-7ff5ffbaa000 rw-p 00126000 08:05 21890197                   /usr/lib/x86_64-linux-gnu/libx264.so.148
7ff5ffbaa000-7ff5ffc25000 rw-p 00000000 00:00 0 
7ff5ffc25000-7ff600684000 r-xp 00000000 08:05 21890400                   /usr/lib/x86_64-linux-gnu/libx265.so.130
7ff600684000-7ff600883000 ---p 00a5f000 08:05 21890400                   /usr/lib/x86_64-linux-gnu/libx265.so.130
7ff600883000-7ff600886000 r--p 00a5e000 08:05 21890400                   /usr/lib/x86_64-linux-gnu/libx265.so.130
7ff600886000-7ff600889000 rw-p 00a61000 08:05 21890400                   /usr/lib/x86_64-linux-gnu/libx265.so.130
7ff600889000-7ff600897000 rw-p 00000000 00:00 0 
7ff600897000-7ff600938000 r-xp 00000000 08:05 21890401                   /usr/lib/x86_64-linux-gnu/libxvidcore.so.4.3
7ff600938000-7ff600b37000 ---p 000a1000 08:05 21890401                   /usr/lib/x86_64-linux-gnu/libxvidcore.so.4.3
7ff600b37000-7ff600b38000 r--p 000a0000 08:05 21890401                   /usr/lib/x86_64-linux-gnu/libxvidcore.so.4.3
7ff600b38000-7ff600b42000 rw-p 000a1000 08:05 21890401                   /usr/lib/x86_64-linux-gnu/libxvidcore.so.4.3
7ff600b42000-7ff600bab000 rw-p 00000000 00:00 0 
7ff600bab000-7ff600c22000 r-xp 00000000 08:05 21890626                   /usr/lib/x86_64-linux-gnu/libzvbi.so.0.13.2
7ff600c22000-7ff600e21000 ---p 00077000 08:05 21890626                   /usr/lib/x86_64-linux-gnu/libzvbi.so.0.13.2
7ff600e21000-7ff600e2a000 r--p 00076000 08:05 21890626                   /usr/lib/x86_64-linux-gnu/libzvbi.so.0.13.2
7ff600e2a000-7ff600e36000 rw-p 0007f000 08:05 21890626                   /usr/lib/x86_64-linux-gnu/libzvbi.so.0.13.2
7ff600e36000-7ff600e54000 r-xp 00000000 08:05 21889287                   /usr/lib/x86_64-linux-gnu/libva.so.1.4000.0
7ff600e54000-7ff601053000 ---p 0001e000 08:05 21889287                   /usr/lib/x86_64-linux-gnu/libva.so.1.4000.0
7ff601053000-7ff601054000 r--p 0001d000 08:05 21889287                   /usr/lib/x86_64-linux-gnu/libva.so.1.4000.0
7ff601054000-7ff601055000 rw-p 0001e000 08:05 21889287                   /usr/lib/x86_64-linux-gnu/libva.so.1.4000.0
7ff601055000-7ff601071000 r-xp 00000000 08:05 21890179                   /usr/lib/x86_64-linux-gnu/libswresample.so.2.7.100
7ff601071000-7ff601271000 ---p 0001c000 08:05 21890179                   /usr/lib/x86_64-linux-gnu/libswresample.so.2.7.100
7ff601271000-7ff601273000 r--p 0001c000 08:05 21890179                   /usr/lib/x86_64-linux-gnu/libswresample.so.2.7.100
7ff601273000-7ff601274000 rw-p 0001e000 08:05 21890179                   /usr/lib/x86_64-linux-gnu/libswresample.so.2.7.100
7ff601274000-7ff601299000 r-xp 00000000 08:05 21897999                   /usr/lib/x86_64-linux-gnu/libv4lconvert.so.0.0.0
7ff601299000-7ff601499000 ---p 00025000 08:05 21897999                   /usr/lib/x86_64-linux-gnu/libv4lconvert.so.0.0.0
7ff601499000-7ff60149b000 r--p 00025000 08:05 21897999                   /usr/lib/x86_64-linux-gnu/libv4lconvert.so.0.0.0
7ff60149b000-7ff60149c000 rw-p 00027000 08:05 21897999                   /usr/lib/x86_64-linux-gnu/libv4lconvert.so.0.0.0
7ff60149c000-7ff6014ee000 rw-p 00000000 00:00 0 
7ff6014ee000-7ff601555000 r-xp 00000000 08:05 21897569                   /usr/lib/x86_64-linux-gnu/libjpeg.so.8.1.2
7ff601555000-7ff601754000 ---p 00067000 08:05 21897569                   /usr/lib/x86_64-linux-gnu/libjpeg.so.8.1.2
7ff601754000-7ff601755000 r--p 00066000 08:05 21897569                   /usr/lib/x86_64-linux-gnu/libjpeg.so.8.1.2
7ff601755000-7ff601756000 rw-p 00067000 08:05 21897569                   /usr/lib/x86_64-linux-gnu/libjpeg.so.8.1.2
7ff601756000-7ff6017db000 r-xp 00000000 08:05 21892394                   /usr/lib/x86_64-linux-gnu/libswscale.so.4.6.100
7ff6017db000-7ff6019da000 ---p 00085000 08:05 21892394                   /usr/lib/x86_64-linux-gnu/libswscale.so.4.6.100
7ff6019da000-7ff6019dc000 r--p 00084000 08:05 21892394                   /usr/lib/x86_64-linux-gnu/libswscale.so.4.6.100
7ff6019dc000-7ff6019dd000 rw-p 00086000 08:05 21892394                   /usr/lib/x86_64-linux-gnu/libswscale.so.4.6.100
7ff6019dd000-7ff6019e5000 rw-p 00000000 00:00 0 
7ff6019e5000-7ff602654000 r-xp 00000000 08:05 21890752                   /usr/lib/x86_64-linux-gnu/libavcodec.so.57.89.100
7ff602654000-7ff602853000 ---p 00c6f000 08:05 21890752                   /usr/lib/x86_64-linux-gnu/libavcodec.so.57.89.100
7ff602853000-7ff60288d000 r--p 00c6e000 08:05 21890752                   /usr/lib/x86_64-linux-gnu/libavcodec.so.57.89.100
7ff60288d000-7ff6028b9000 rw-p 00ca8000 08:05 21890752                   /usr/lib/x86_64-linux-gnu/libavcodec.so.57.89.100
7ff6028b9000-7ff603104000 rw-p 00000000 00:00 0 
7ff603104000-7ff603dc9000 r-xp 00000000 08:05 8392574                    /home/katarzyna/javalibrary/opencv-3.4.3/build/lib/libopencv_core.so.3.4.3
7ff603dc9000-7ff603fc9000 ---p 00cc5000 08:05 8392574                    /home/katarzyna/javalibrary/opencv-3.4.3/build/lib/libopencv_core.so.3.4.3
7ff603fc9000-7ff603fd5000 r--p 00cc5000 08:05 8392574                    /home/katarzyna/javalibrary/opencv-3.4.3/build/lib/libopencv_core.so.3.4.3
7ff603fd5000-7ff603ffb000 rw-p 00cd1000 08:05 8392574                    /home/katarzyna/javalibrary/opencv-3.4.3/build/lib/libopencv_core.so.3.4.3
7ff603ffb000-7ff604000000 rw-p 00000000 00:00 0 
7ff604000000-7ff604021000 rw-p 00000000 00:00 0 
7ff604021000-7ff608000000 ---p 00000000 00:00 0 
7ff608006000-7ff60800f000 r-xp 00000000 08:05 21898036                   /usr/lib/x86_64-linux-gnu/libwebpmux.so.3.0.0
7ff60800f000-7ff60820e000 ---p 00009000 08:05 21898036                   /usr/lib/x86_64-linux-gnu/libwebpmux.so.3.0.0
7ff60820e000-7ff60820f000 r--p 00008000 08:05 21898036                   /usr/lib/x86_64-linux-gnu/libwebpmux.so.3.0.0
7ff60820f000-7ff608210000 rw-p 00009000 08:05 21898036                   /usr/lib/x86_64-linux-gnu/libwebpmux.so.3.0.0
7ff608210000-7ff608273000 r-xp 00000000 08:05 21889296                   /usr/lib/x86_64-linux-gnu/libavutil.so.55.58.100
7ff608273000-7ff608473000 ---p 00063000 08:05 21889296                   /usr/lib/x86_64-linux-gnu/libavutil.so.55.58.100
7ff608473000-7ff608484000 r--p 00063000 08:05 21889296                   /usr/lib/x86_64-linux-gnu/libavutil.so.55.58.100
7ff608484000-7ff608485000 rw-p 00074000 08:05 21889296                   /usr/lib/x86_64-linux-gnu/libavutil.so.55.58.100
7ff608485000-7ff608498000 rw-p 00000000 00:00 0 
7ff608498000-7ff6086b0000 r-xp 00000000 08:05 21891710                   /usr/lib/x86_64-linux-gnu/libavformat.so.57.71.100
7ff6086b0000-7ff6088af000 ---p 00218000 08:05 21891710                   /usr/lib/x86_64-linux-gnu/libavformat.so.57.71.100
7ff6088af000-7ff6088c8000 r--p 00217000 08:05 21891710                   /usr/lib/x86_64-linux-gnu/libavformat.so.57.71.100
7ff6088c8000-7ff6088df000 rw-p 00230000 08:05 21891710                   /usr/lib/x86_64-linux-gnu/libavformat.so.57.71.100
7ff6088df000-7ff6088e8000 r-xp 00000000 08:05 21897997                   /usr/lib/x86_64-linux-gnu/libv4l2.so.0.0.0
7ff6088e8000-7ff608ae7000 ---p 00009000 08:05 21897997                   /usr/lib/x86_64-linux-gnu/libv4l2.so.0.0.0
7ff608ae7000-7ff608ae8000 r--p 00008000 08:05 21897997                   /usr/lib/x86_64-linux-gnu/libv4l2.so.0.0.0
7ff608ae8000-7ff608aed000 rw-p 00009000 08:05 21897997                   /usr/lib/x86_64-linux-gnu/libv4l2.so.0.0.0
7ff608aed000-7ff608af2000 r-xp 00000000 08:05 21897995                   /usr/lib/x86_64-linux-gnu/libv4l1.so.0.0.0
7ff608af2000-7ff608cf1000 ---p 00005000 08:05 21897995                   /usr/lib/x86_64-linux-gnu/libv4l1.so.0.0.0
7ff608cf1000-7ff608cf2000 r--p 00004000 08:05 21897995                   /usr/lib/x86_64-linux-gnu/libv4l1.so.0.0.0
7ff608cf2000-7ff608cf3000 rw-p 00005000 08:05 21897995                   /usr/lib/x86_64-linux-gnu/libv4l1.so.0.0.0
7ff608cf3000-7ff60b2ec000 r-xp 00000000 08:05 8392684                    /home/katarzyna/javalibrary/opencv-3.4.3/build/lib/libopencv_imgproc.so.3.4.3
7ff60b2ec000-7ff60b4ec000 ---p 025f9000 08:05 8392684                    /home/katarzyna/javalibrary/opencv-3.4.3/build/lib/libopencv_imgproc.so.3.4.3
7ff60b4ec000-7ff60b502000 r--p 025f9000 08:05 8392684                    /home/katarzyna/javalibrary/opencv-3.4.3/build/lib/libopencv_imgproc.so.3.4.3
7ff60b502000-7ff60b524000 rw-p 0260f000 08:05 8392684                    /home/katarzyna/javalibrary/opencv-3.4.3/build/lib/libopencv_imgproc.so.3.4.3
7ff60b524000-7ff60b5c3000 rw-p 00000000 00:00 0 
7ff60b5c3000-7ff60bb9b000 r-xp 00000000 08:05 8392772                    /home/katarzyna/javalibrary/opencv-3.4.3/build/lib/libopencv_imgcodecs.so.3.4.3
7ff60bb9b000-7ff60bd9a000 ---p 005d8000 08:05 8392772                    /home/katarzyna/javalibrary/opencv-3.4.3/build/lib/libopencv_imgcodecs.so.3.4.3
7ff60bd9a000-7ff60bda3000 r--p 005d7000 08:05 8392772                    /home/katarzyna/javalibrary/opencv-3.4.3/build/lib/libopencv_imgcodecs.so.3.4.3
7ff60bda3000-7ff60bdb1000 rw-p 005e0000 08:05 8392772                    /home/katarzyna/javalibrary/opencv-3.4.3/build/lib/libopencv_imgcodecs.so.3.4.3
7ff60bdb1000-7ff60bdbb000 rw-p 00000000 00:00 0 
7ff60bdbb000-7ff60bdfd000 r-xp 00000000 08:05 8392830                    /home/katarzyna/javalibrary/opencv-3.4.3/build/lib/libopencv_videoio.so.3.4.3
7ff60bdfd000-7ff60bffc000 ---p 00042000 08:05 8392830                    /home/katarzyna/javalibrary/opencv-3.4.3/build/lib/libopencv_videoio.so.3.4.3
7ff60bffc000-7ff60bffd000 r--p 00041000 08:05 8392830                    /home/katarzyna/javalibrary/opencv-3.4.3/build/lib/libopencv_videoio.so.3.4.3
7ff60bffd000-7ff60bffe000 rw-p 00042000 08:05 8392830                    /home/katarzyna/javalibrary/opencv-3.4.3/build/lib/libopencv_videoio.so.3.4.3
7ff60bffe000-7ff60c000000 rw-p 00000000 00:00 0 
7ff60c000000-7ff60c1de000 rw-p 00000000 00:00 0 
7ff60c1de000-7ff610000000 ---p 00000000 00:00 0 
7ff610000000-7ff610021000 rw-p 00000000 00:00 0 
7ff610021000-7ff614000000 ---p 00000000 00:00 0 
7ff614000000-7ff614099000 rw-p 00000000 00:00 0 
7ff614099000-7ff618000000 ---p 00000000 00:00 0 
7ff618000000-7ff618073000 rw-p 00000000 00:00 0 
7ff618073000-7ff61c000000 ---p 00000000 00:00 0 
7ff61c000000-7ff61c021000 rw-p 00000000 00:00 0 
7ff61c021000-7ff620000000 ---p 00000000 00:00 0 
7ff620000000-7ff620021000 rw-p 00000000 00:00 0 
7ff620021000-7ff624000000 ---p 00000000 00:00 0 
7ff624000000-7ff624021000 rw-p 00000000 00:00 0 
7ff624021000-7ff628000000 ---p 00000000 00:00 0 
7ff628000000-7ff628021000 rw-p 00000000 00:00 0 
7ff628021000-7ff62c000000 ---p 00000000 00:00 0 
7ff62c000000-7ff62c021000 rw-p 00000000 00:00 0 
7ff62c021000-7ff630000000 ---p 00000000 00:00 0 
7ff630000000-7ff630021000 rw-p 00000000 00:00 0 
7ff630021000-7ff634000000 ---p 00000000 00:00 0 
7ff634000000-7ff634021000 rw-p 00000000 00:00 0 
7ff634021000-7ff638000000 ---p 00000000 00:00 0 
7ff638062000-7ff638183000 rw-p 00000000 00:00 0 
7ff638183000-7ff6381d8000 r-xp 00000000 08:05 8392639                    /home/katarzyna/javalibrary/opencv-3.4.3/build/lib/libopencv_flann.so.3.4.3
7ff6381d8000-7ff6383d7000 ---p 00055000 08:05 8392639                    /home/katarzyna/javalibrary/opencv-3.4.3/build/lib/libopencv_flann.so.3.4.3
7ff6383d7000-7ff6383d9000 r--p 00054000 08:05 8392639                    /home/katarzyna/javalibrary/opencv-3.4.3/build/lib/libopencv_flann.so.3.4.3
7ff6383d9000-7ff6383da000 rw-p 00056000 08:05 8392639                    /home/katarzyna/javalibrary/opencv-3.4.3/build/lib/libopencv_flann.so.3.4.3
7ff6383da000-7ff6384a5000 r-xp 00000000 08:05 8392947                    /home/katarzyna/javalibrary/opencv-3.4.3/build/lib/libopencv_features2d.so.3.4.3
7ff6384a5000-7ff6386a5000 ---p 000cb000 08:05 8392947                    /home/katarzyna/javalibrary/opencv-3.4.3/build/lib/libopencv_features2d.so.3.4.3
7ff6386a5000-7ff6386aa000 r--p 000cb000 08:05 8392947                    /home/katarzyna/javalibrary/opencv-3.4.3/build/lib/libopencv_features2d.so.3.4.3
7ff6386aa000-7ff6386ac000 rw-p 000d0000 08:05 8392947                    /home/katarzyna/javalibrary/opencv-3.4.3/build/lib/libopencv_features2d.so.3.4.3
7ff6386ac000-7ff6386ad000 rw-p 00000000 00:00 0 
7ff6386ad000-7ff638dd8000 r-xp 00000000 08:05 8392914                    /home/katarzyna/javalibrary/opencv-3.4.3/build/lib/libopencv_dnn.so.3.4.3
7ff638dd8000-7ff638fd8000 ---p 0072b000 08:05 8392914                    /home/katarzyna/javalibrary/opencv-3.4.3/build/lib/libopencv_dnn.so.3.4.3
7ff638fd8000-7ff638fec000 r--p 0072b000 08:05 8392914                    /home/katarzyna/javalibrary/opencv-3.4.3/build/lib/libopencv_dnn.so.3.4.3
7ff638fec000-7ff638ffa000 rw-p 0073f000 08:05 8392914                    /home/katarzyna/javalibrary/opencv-3.4.3/build/lib/libopencv_dnn.so.3.4.3
7ff638ffa000-7ff63c000000 rw-p 00000000 00:00 0 
7ff63c000000-7ff63c021000 rw-p 00000000 00:00 0 
7ff63c021000-7ff640000000 ---p 00000000 00:00 0 
7ff640017000-7ff640121000 rw-p 00000000 00:00 0 
7ff640121000-7ff6402a1000 r-xp 00000000 08:05 8389910                    /home/katarzyna/javalibrary/opencv-3.4.3/build/lib/libopencv_calib3d.so.3.4.3
7ff6402a1000-7ff6404a0000 ---p 00180000 08:05 8389910                    /home/katarzyna/javalibrary/opencv-3.4.3/build/lib/libopencv_calib3d.so.3.4.3
7ff6404a0000-7ff6404a2000 r--p 0017f000 08:05 8389910                    /home/katarzyna/javalibrary/opencv-3.4.3/build/lib/libopencv_calib3d.so.3.4.3
7ff6404a2000-7ff6404a3000 rw-p 00181000 08:05 8389910                    /home/katarzyna/javalibrary/opencv-3.4.3/build/lib/libopencv_calib3d.so.3.4.3
7ff6404a3000-7ff6404a4000 rw-p 00000000 00:00 0 
7ff6404a4000-7ff640809000 r-xp 00000000 08:05 8392754                    /home/katarzyna/javalibrary/opencv-3.4.3/build/lib/libopencv_video.so.3.4.3
7ff640809000-7ff640a09000 ---p 00365000 08:05 8392754                    /home/katarzyna/javalibrary/opencv-3.4.3/build/lib/libopencv_video.so.3.4.3
7ff640a09000-7ff640a0b000 r--p 00365000 08:05 8392754                    /home/katarzyna/javalibrary/opencv-3.4.3/build/lib/libopencv_video.so.3.4.3
7ff640a0b000-7ff640a16000 rw-p 00367000 08:05 8392754                    /home/katarzyna/javalibrary/opencv-3.4.3/build/lib/libopencv_video.so.3.4.3
7ff640a16000-7ff640de7000 r-xp 00000000 08:05 8392773                    /home/katarzyna/javalibrary/opencv-3.4.3/build/lib/libopencv_photo.so.3.4.3
7ff640de7000-7ff640fe6000 ---p 003d1000 08:05 8392773                    /home/katarzyna/javalibrary/opencv-3.4.3/build/lib/libopencv_photo.so.3.4.3
7ff640fe6000-7ff640fe9000 r--p 003d0000 08:05 8392773                    /home/katarzyna/javalibrary/opencv-3.4.3/build/lib/libopencv_photo.so.3.4.3
7ff640fe9000-7ff640ff4000 rw-p 003d3000 08:05 8392773                    /home/katarzyna/javalibrary/opencv-3.4.3/build/lib/libopencv_photo.so.3.4.3
7ff640ff4000-7ff64135d000 r-xp 00000000 08:05 8392783                    /home/katarzyna/javalibrary/opencv-3.4.3/build/lib/libopencv_objdetect.so.3.4.3
7ff64135d000-7ff64155c000 ---p 00369000 08:05 8392783                    /home/katarzyna/javalibrary/opencv-3.4.3/build/lib/libopencv_objdetect.so.3.4.3
7ff64155c000-7ff64155e000 r--p 00368000 08:05 8392783                    /home/katarzyna/javalibrary/opencv-3.4.3/build/lib/libopencv_objdetect.so.3.4.3
7ff64155e000-7ff641569000 rw-p 0036a000 08:05 8392783                    /home/katarzyna/javalibrary/opencv-3.4.3/build/lib/libopencv_objdetect.so.3.4.3
7ff641569000-7ff64156a000 rw-p 00000000 00:00 0 
7ff64156a000-7ff64162b000 r-xp 00000000 08:05 8392614                    /home/katarzyna/javalibrary/opencv-3.4.3/build/lib/libopencv_ml.so.3.4.3
7ff64162b000-7ff64182a000 ---p 000c1000 08:05 8392614                    /home/katarzyna/javalibrary/opencv-3.4.3/build/lib/libopencv_ml.so.3.4.3
7ff64182a000-7ff64182d000 r--p 000c0000 08:05 8392614                    /home/katarzyna/javalibrary/opencv-3.4.3/build/lib/libopencv_ml.so.3.4.3
7ff64182d000-7ff64182e000 rw-p 000c3000 08:05 8392614                    /home/katarzyna/javalibrary/opencv-3.4.3/build/lib/libopencv_ml.so.3.4.3
7ff64182e000-7ff64194f000 r-xp 00000000 08:05 8390865                    /home/katarzyna/javalibrary/opencv-3.4.3/build/lib/libopencv_java343.so
7ff64194f000-7ff641b4f000 ---p 00121000 08:05 8390865                    /home/katarzyna/javalibrary/opencv-3.4.3/build/lib/libopencv_java343.so
7ff641b4f000-7ff641b50000 r--p 00121000 08:05 8390865                    /home/katarzyna/javalibrary/opencv-3.4.3/build/lib/libopencv_java343.so
7ff641b50000-7ff641b52000 rw-p 00122000 08:05 8390865                    /home/katarzyna/javalibrary/opencv-3.4.3/build/lib/libopencv_java343.so
7ff641b52000-7ff641b53000 ---p 00000000 00:00 0 
7ff641b53000-7ff641d54000 rwxp 00000000 00:00 0 
7ff641d54000-7ff641d6a000 r-xp 00000000 08:05 22157604                   /usr/lib/jvm/java-8-openjdk-amd64/jre/lib/amd64/libnet.so
7ff641d6a000-7ff641f6a000 ---p 00016000 08:05 22157604                   /usr/lib/jvm/java-8-openjdk-amd64/jre/lib/amd64/libnet.so
7ff641f6a000-7ff641f6b000 r--p 00016000 08:05 22157604                   /usr/lib/jvm/java-8-openjdk-amd64/jre/lib/amd64/libnet.so
7ff641f6b000-7ff641f6c000 rw-p 00017000 08:05 22157604                   /usr/lib/jvm/java-8-openjdk-amd64/jre/lib/amd64/libnet.so
7ff641f6c000-7ff641f6d000 ---p 00000000 00:00 0 
7ff641f6d000-7ff64206d000 rwxp 00000000 00:00 0 
7ff64206d000-7ff64206e000 ---p 00000000 00:00 0 
7ff64206e000-7ff642070000 rwxp 00000000 00:00 0 
7ff642070000-7ff64216e000 rwxp 00000000 00:00 0 
7ff64216e000-7ff64216f000 ---p 00000000 00:00 0 
7ff64216f000-7ff642171000 rwxp 00000000 00:00 0 
7ff642171000-7ff642370000 rwxp 00000000 00:00 0 
7ff642370000-7ff644000000 rw-p 00000000 00:00 0 
7ff644000000-7ff644021000 rw-p 00000000 00:00 0 
7ff644021000-7ff648000000 ---p 00000000 00:00 0 
7ff648028000-7ff6480ba000 rw-p 00000000 00:00 0 
7ff6480ba000-7ff6480bc000 r--s 0001a000 08:05 6161765                    /home/katarzyna/Downloads/idea-IU-181.4445.78/lib/idea_rt.jar
7ff6480bc000-7ff6480c2000 r--s 0006c000 08:05 8392497                    /home/katarzyna/javalibrary/opencv-3.4.3/build/bin/opencv-343.jar
7ff6480c2000-7ff6480d5000 r--s 00346000 08:05 22157645                   /usr/lib/jvm/java-8-openjdk-amd64/jre/lib/resources.jar
7ff6480d5000-7ff6480da000 r--s 0009a000 08:05 22157641                   /usr/lib/jvm/java-8-openjdk-amd64/jre/lib/jsse.jar
7ff6480da000-7ff6480dc000 r--s 00007000 08:05 23208820                   /usr/share/java/openjfx/jre/lib/jfxswt.jar
7ff6480dc000-7ff6480e6000 r--s 00116000 08:05 22157630                   /usr/lib/jvm/java-8-openjdk-amd64/jre/lib/ext/localedata.jar
7ff6480e6000-7ff648101000 r--s 001d6000 08:05 22157631                   /usr/lib/jvm/java-8-openjdk-amd64/jre/lib/ext/nashorn.jar
7ff648101000-7ff648202000 rwxp 00000000 00:00 0 
7ff648202000-7ff648cfd000 r--p 00000000 08:05 21895856                   /usr/lib/locale/locale-archive
7ff648cfd000-7ff648eff000 rwxp 00000000 00:00 0 
7ff648eff000-7ff648f00000 ---p 00000000 00:00 0 
7ff648f00000-7ff649270000 rwxp 00000000 00:00 0 
7ff649270000-7ff658000000 ---p 00000000 00:00 0 
7ff658000000-7ff6588b8000 rw-p 00000000 00:00 0 
7ff6588b8000-7ff65c000000 ---p 00000000 00:00 0 
7ff65c000000-7ff65c001000 r--s 00000000 08:05 22157643                   /usr/lib/jvm/java-8-openjdk-amd64/jre/lib/management-agent.jar
7ff65c001000-7ff65c006000 r--s 002f9000 08:05 22157616                   /usr/lib/jvm/java-8-openjdk-amd64/jre/lib/charsets.jar
7ff65c006000-7ff65c09c000 r--s 007ce000 08:05 23343620                   /usr/share/java/openjfx/jre/lib/ext/jfxrt.jar
7ff65c09c000-7ff65cfab000 rw-p 00000000 00:00 0 
7ff65cfab000-7ff65d179000 r--s 03c15000 08:05 22157646                   /usr/lib/jvm/java-8-openjdk-amd64/jre/lib/rt.jar
7ff65d179000-7ff65d66f000 rw-p 00000000 00:00 0 
7ff65d66f000-7ff65d9ef000 ---p 00000000 00:00 0 
7ff65d9ef000-7ff65dbb8000 rw-p 00000000 00:00 0 
7ff65dbb8000-7ff65dbb9000 ---p 00000000 00:00 0 
7ff65dbb9000-7ff65dcb9000 rwxp 00000000 00:00 0 
7ff65dcb9000-7ff65dcba000 ---p 00000000 00:00 0 
7ff65dcba000-7ff65ddba000 rwxp 00000000 00:00 0 
7ff65ddba000-7ff65ddbb000 ---p 00000000 00:00 0 
7ff65ddbb000-7ff65debb000 rwxp 00000000 00:00 0 
7ff65debb000-7ff65debc000 ---p 00000000 00:00 0 
7ff65debc000-7ff65dfbc000 rwxp 00000000 00:00 0 
7ff65dfbc000-7ff65dfd0000 rw-p 00000000 00:00 0 
7ff65dfd0000-7ff65e0ed000 ---p 00000000 00:00 0 
7ff65e0ed000-7ff65e101000 rw-p 00000000 00:00 0 
7ff65e101000-7ff65e21d000 ---p 00000000 00:00 0 
7ff65e21d000-7ff65e228000 rw-p 00000000 00:00 0 
7ff65e228000-7ff65e2b6000 ---p 00000000 00:00 0 
7ff65e2b6000-7ff65e2c1000 rw-p 00000000 00:00 0 
7ff65e2c1000-7ff65e677000 ---p 00000000 00:00 0 
7ff65e677000-7ff65e67f000 r-xp 00000000 08:05 22157612                   /usr/lib/jvm/java-8-openjdk-amd64/jre/lib/amd64/libzip.so
7ff65e67f000-7ff65e87e000 ---p 00008000 08:05 22157612                   /usr/lib/jvm/java-8-openjdk-amd64/jre/lib/amd64/libzip.so
7ff65e87e000-7ff65e87f000 r--p 00007000 08:05 22157612                   /usr/lib/jvm/java-8-openjdk-amd64/jre/lib/amd64/libzip.so
7ff65e87f000-7ff65e880000 rw-p 00008000 08:05 22157612                   /usr/lib/jvm/java-8-openjdk-amd64/jre/lib/amd64/libzip.so
7ff65e880000-7ff65e88b000 r-xp 00000000 08:05 791052                     /lib/x86_64-linux-gnu/libnss_files-2.26.so
7ff65e88b000-7ff65ea8a000 ---p 0000b000 08:05 791052                     /lib/x86_64-linux-gnu/libnss_files-2.26.so
7ff65ea8a000-7ff65ea8b000 r--p 0000a000 08:05 791052                     /lib/x86_64-linux-gnu/libnss_files-2.26.so
7ff65ea8b000-7ff65ea8c000 rw-p 0000b000 08:05 791052                     /lib/x86_64-linux-gnu/libnss_files-2.26.so
7ff65ea8c000-7ff65ea92000 rw-p 00000000 00:00 0 
7ff65ea92000-7ff65ea9d000 r-xp 00000000 08:05 791063                     /lib/x86_64-linux-gnu/libnss_nis-2.26.so
7ff65ea9d000-7ff65ec9c000 ---p 0000b000 08:05 791063                     /lib/x86_64-linux-gnu/libnss_nis-2.26.so
7ff65ec9c000-7ff65ec9d000 r--p 0000a000 08:05 791063                     /lib/x86_64-linux-gnu/libnss_nis-2.26.so
7ff65ec9d000-7ff65ec9e000 rw-p 0000b000 08:05 791063                     /lib/x86_64-linux-gnu/libnss_nis-2.26.so
7ff65ec9e000-7ff65ecb5000 r-xp 00000000 08:05 791046                     /lib/x86_64-linux-gnu/libnsl-2.26.so
7ff65ecb5000-7ff65eeb4000 ---p 00017000 08:05 791046                     /lib/x86_64-linux-gnu/libnsl-2.26.so
7ff65eeb4000-7ff65eeb5000 r--p 00016000 08:05 791046                     /lib/x86_64-linux-gnu/libnsl-2.26.so
7ff65eeb5000-7ff65eeb6000 rw-p 00017000 08:05 791046                     /lib/x86_64-linux-gnu/libnsl-2.26.so
7ff65eeb6000-7ff65eeb8000 rw-p 00000000 00:00 0 
7ff65eeb8000-7ff65eec0000 r-xp 00000000 08:05 791048                     /lib/x86_64-linux-gnu/libnss_compat-2.26.so
7ff65eec0000-7ff65f0bf000 ---p 00008000 08:05 791048                     /lib/x86_64-linux-gnu/libnss_compat-2.26.so
7ff65f0bf000-7ff65f0c0000 r--p 00007000 08:05 791048                     /lib/x86_64-linux-gnu/libnss_compat-2.26.so
7ff65f0c0000-7ff65f0c1000 rw-p 00008000 08:05 791048                     /lib/x86_64-linux-gnu/libnss_compat-2.26.so
7ff65f0c1000-7ff65f0cb000 r-xp 00000000 08:05 22157588                   /usr/lib/jvm/java-8-openjdk-amd64/jre/lib/amd64/libinstrument.so
7ff65f0cb000-7ff65f2ca000 ---p 0000a000 08:05 22157588                   /usr/lib/jvm/java-8-openjdk-amd64/jre/lib/amd64/libinstrument.so
7ff65f2ca000-7ff65f2cb000 r--p 00009000 08:05 22157588                   /usr/lib/jvm/java-8-openjdk-amd64/jre/lib/amd64/libinstrument.so
7ff65f2cb000-7ff65f2cc000 rw-p 0000a000 08:05 22157588                   /usr/lib/jvm/java-8-openjdk-amd64/jre/lib/amd64/libinstrument.so
7ff65f2cc000-7ff65f2f9000 r-xp 00000000 08:05 22157593                   /usr/lib/jvm/java-8-openjdk-amd64/jre/lib/amd64/libjava.so
7ff65f2f9000-7ff65f4f9000 ---p 0002d000 08:05 22157593                   /usr/lib/jvm/java-8-openjdk-amd64/jre/lib/amd64/libjava.so
7ff65f4f9000-7ff65f4fa000 r--p 0002d000 08:05 22157593                   /usr/lib/jvm/java-8-openjdk-amd64/jre/lib/amd64/libjava.so
7ff65f4fa000-7ff65f4fc000 rw-p 0002e000 08:05 22157593                   /usr/lib/jvm/java-8-openjdk-amd64/jre/lib/amd64/libjava.so
7ff65f4fc000-7ff65f50c000 r-xp 00000000 08:05 22157611                   /usr/lib/jvm/java-8-openjdk-amd64/jre/lib/amd64/libverify.so
7ff65f50c000-7ff65f70b000 ---p 00010000 08:05 22157611                   /usr/lib/jvm/java-8-openjdk-amd64/jre/lib/amd64/libverify.so
7ff65f70b000-7ff65f70d000 r--p 0000f000 08:05 22157611                   /usr/lib/jvm/java-8-openjdk-amd64/jre/lib/amd64/libverify.so
7ff65f70d000-7ff65f70e000 rw-p 00011000 08:05 22157611                   /usr/lib/jvm/java-8-openjdk-amd64/jre/lib/amd64/libverify.so
7ff65f70e000-7ff65f715000 r-xp 00000000 08:05 791106                     /lib/x86_64-linux-gnu/librt-2.26.so
7ff65f715000-7ff65f914000 ---p 00007000 08:05 791106                     /lib/x86_64-linux-gnu/librt-2.26.so
7ff65f914000-7ff65f915000 r--p 00006000 08:05 791106                     /lib/x86_64-linux-gnu/librt-2.26.so
7ff65f915000-7ff65f916000 rw-p 00007000 08:05 791106                     /lib/x86_64-linux-gnu/librt-2.26.so
7ff65f916000-7ff65f92c000 r-xp 00000000 08:05 790997                     /lib/x86_64-linux-gnu/libgcc_s.so.1
7ff65f92c000-7ff65fb2b000 ---p 00016000 08:05 790997                     /lib/x86_64-linux-gnu/libgcc_s.so.1
7ff65fb2b000-7ff65fb2c000 r--p 00015000 08:05 790997                     /lib/x86_64-linux-gnu/libgcc_s.so.1
7ff65fb2c000-7ff65fb2d000 rw-p 00016000 08:05 790997                     /lib/x86_64-linux-gnu/libgcc_s.so.1
7ff65fb2d000-7ff65fc82000 r-xp 00000000 08:05 791025                     /lib/x86_64-linux-gnu/libm-2.26.so
7ff65fc82000-7ff65fe81000 ---p 00155000 08:05 791025                     /lib/x86_64-linux-gnu/libm-2.26.so
7ff65fe81000-7ff65fe82000 r--p 00154000 08:05 791025                     /lib/x86_64-linux-gnu/libm-2.26.so
7ff65fe82000-7ff65fe83000 rw-p 00155000 08:05 791025                     /lib/x86_64-linux-gnu/libm-2.26.so
7ff65fe83000-7ff65fffb000 r-xp 00000000 08:05 21897925                   /usr/lib/x86_64-linux-gnu/libstdc++.so.6.0.24
7ff65fffb000-7ff6601fa000 ---p 00178000 08:05 21897925                   /usr/lib/x86_64-linux-gnu/libstdc++.so.6.0.24
7ff6601fa000-7ff660204000 r--p 00177000 08:05 21897925                   /usr/lib/x86_64-linux-gnu/libstdc++.so.6.0.24
7ff660204000-7ff660206000 rw-p 00181000 08:05 21897925                   /usr/lib/x86_64-linux-gnu/libstdc++.so.6.0.24
7ff660206000-7ff660209000 rw-p 00000000 00:00 0 
7ff660209000-7ff660e93000 r-xp 00000000 08:05 22157615                   /usr/lib/jvm/java-8-openjdk-amd64/jre/lib/amd64/server/libjvm.so
7ff660e93000-7ff661093000 ---p 00c8a000 08:05 22157615                   /usr/lib/jvm/java-8-openjdk-amd64/jre/lib/amd64/server/libjvm.so
7ff661093000-7ff661126000 r--p 00c8a000 08:05 22157615                   /usr/lib/jvm/java-8-openjdk-amd64/jre/lib/amd64/server/libjvm.so
7ff661126000-7ff66114e000 rw-p 00d1d000 08:05 22157615                   /usr/lib/jvm/java-8-openjdk-amd64/jre/lib/amd64/server/libjvm.so
7ff66114e000-7ff66117f000 rw-p 00000000 00:00 0 
7ff66117f000-7ff661199000 r-xp 00000000 08:05 791098                     /lib/x86_64-linux-gnu/libpthread-2.26.so
7ff661199000-7ff661398000 ---p 0001a000 08:05 791098                     /lib/x86_64-linux-gnu/libpthread-2.26.so
7ff661398000-7ff661399000 r--p 00019000 08:05 791098                     /lib/x86_64-linux-gnu/libpthread-2.26.so
7ff661399000-7ff66139a000 rw-p 0001a000 08:05 791098                     /lib/x86_64-linux-gnu/libpthread-2.26.so
7ff66139a000-7ff66139e000 rw-p 00000000 00:00 0 
7ff66139e000-7ff6613a1000 r-xp 00000000 08:05 790983                     /lib/x86_64-linux-gnu/libdl-2.26.so
7ff6613a1000-7ff6615a0000 ---p 00003000 08:05 790983                     /lib/x86_64-linux-gnu/libdl-2.26.so
7ff6615a0000-7ff6615a1000 r--p 00002000 08:05 790983                     /lib/x86_64-linux-gnu/libdl-2.26.so
7ff6615a1000-7ff6615a2000 rw-p 00003000 08:05 790983                     /lib/x86_64-linux-gnu/libdl-2.26.so
7ff6615a2000-7ff6615be000 r-xp 00000000 08:05 791138                     /lib/x86_64-linux-gnu/libz.so.1.2.11
7ff6615be000-7ff6617bd000 ---p 0001c000 08:05 791138                     /lib/x86_64-linux-gnu/libz.so.1.2.11
7ff6617bd000-7ff6617be000 r--p 0001b000 08:05 791138                     /lib/x86_64-linux-gnu/libz.so.1.2.11
7ff6617be000-7ff6617bf000 rw-p 0001c000 08:05 791138                     /lib/x86_64-linux-gnu/libz.so.1.2.11
7ff6617bf000-7ff661995000 r-xp 00000000 08:05 790959                     /lib/x86_64-linux-gnu/libc-2.26.so
7ff661995000-7ff661b95000 ---p 001d6000 08:05 790959                     /lib/x86_64-linux-gnu/libc-2.26.so
7ff661b95000-7ff661b99000 r--p 001d6000 08:05 790959                     /lib/x86_64-linux-gnu/libc-2.26.so
7ff661b99000-7ff661b9b000 rw-p 001da000 08:05 790959                     /lib/x86_64-linux-gnu/libc-2.26.so
7ff661b9b000-7ff661b9f000 rw-p 00000000 00:00 0 
7ff661b9f000-7ff661bad000 r-xp 00000000 08:05 22157579                   /usr/lib/jvm/java-8-openjdk-amd64/jre/lib/amd64/jli/libjli.so
7ff661bad000-7ff661dac000 ---p 0000e000 08:05 22157579                   /usr/lib/jvm/java-8-openjdk-amd64/jre/lib/amd64/jli/libjli.so
7ff661dac000-7ff661dad000 r--p 0000d000 08:05 22157579                   /usr/lib/jvm/java-8-openjdk-amd64/jre/lib/amd64/jli/libjli.so
7ff661dad000-7ff661dae000 rw-p 0000e000 08:05 22157579                   /usr/lib/jvm/java-8-openjdk-amd64/jre/lib/amd64/jli/libjli.so
7ff661dae000-7ff661dd5000 r-xp 00000000 08:05 790931                     /lib/x86_64-linux-gnu/ld-2.26.so
7ff661dd5000-7ff661dd8000 r--s 00015000 08:05 22157639                   /usr/lib/jvm/java-8-openjdk-amd64/jre/lib/jce.jar
7ff661dd8000-7ff661dda000 r--s 00007000 08:05 22286649                   /usr/share/java/java-atk-wrapper.jar
7ff661dda000-7ff661dde000 r--s 00037000 08:05 22157634                   /usr/lib/jvm/java-8-openjdk-amd64/jre/lib/ext/sunpkcs11.jar
7ff661dde000-7ff661df9000 r--s 00394000 08:05 22157626                   /usr/lib/jvm/java-8-openjdk-amd64/jre/lib/ext/cldrdata.jar
7ff661df9000-7ff661ea2000 rw-p 00000000 00:00 0 
7ff661ea2000-7ff661ea3000 ---p 00000000 00:00 0 
7ff661ea3000-7ff661fa3000 rwxp 00000000 00:00 0 
7ff661fa3000-7ff661fa8000 rw-p 00000000 00:00 0 
7ff661fa8000-7ff661fa9000 r--s 0000a000 08:05 22157629                   /usr/lib/jvm/java-8-openjdk-amd64/jre/lib/ext/jaccess.jar
7ff661fa9000-7ff661fab000 r--s 00008000 08:05 22157632                   /usr/lib/jvm/java-8-openjdk-amd64/jre/lib/ext/sunec.jar
7ff661fab000-7ff661fb0000 r--s 0003b000 08:05 22157633                   /usr/lib/jvm/java-8-openjdk-amd64/jre/lib/ext/sunjce_provider.jar
7ff661fb0000-7ff661fb3000 r--s 0000f000 08:05 22157628                   /usr/lib/jvm/java-8-openjdk-amd64/jre/lib/ext/icedtea-sound.jar
7ff661fb3000-7ff661fb4000 r--s 00010000 08:05 22157635                   /usr/lib/jvm/java-8-openjdk-amd64/jre/lib/ext/zipfs.jar
7ff661fb4000-7ff661fb6000 r--s 00001000 08:05 22157627                   /usr/lib/jvm/java-8-openjdk-amd64/jre/lib/ext/dnsns.jar
7ff661fb6000-7ff661fc8000 rw-p 00000000 00:00 0 
7ff661fc8000-7ff661fd0000 rw-s 00000000 08:05 22420073                   /tmp/hsperfdata_katarzyna/4998
7ff661fd0000-7ff661fd1000 rw-p 00000000 00:00 0 
7ff661fd1000-7ff661fd2000 r--p 00000000 00:00 0 
7ff661fd2000-7ff661fd5000 rw-p 00000000 00:00 0 
7ff661fd5000-7ff661fd6000 r--p 00027000 08:05 790931                     /lib/x86_64-linux-gnu/ld-2.26.so
7ff661fd6000-7ff661fd7000 rw-p 00028000 08:05 790931                     /lib/x86_64-linux-gnu/ld-2.26.so
7ff661fd7000-7ff661fd8000 rw-p 00000000 00:00 0 
7ffdeda8a000-7ffdedaaa000 rwxp 00000000 00:00 0                          [stack]
7ffdedaaa000-7ffdedaab000 rw-p 00000000 00:00 0 
7ffdedb35000-7ffdedb38000 r--p 00000000 00:00 0                          [vvar]
7ffdedb38000-7ffdedb3a000 r-xp 00000000 00:00 0                          [vdso]
ffffffffff600000-ffffffffff601000 r-xp 00000000 00:00 0                  [vsyscall]

VM Arguments:
jvm_args: -Djava.library.path=/home/katarzyna/javalibrary/opencv-3.4.3/build/lib -javaagent:/home/katarzyna/Downloads/idea-IU-181.4445.78/lib/idea_rt.jar=44203:/home/katarzyna/Downloads/idea-IU-181.4445.78/bin -Dfile.encoding=UTF-8 
java_command: yolo.Classifier
java_class_path (initial): /usr/lib/jvm/java-8-openjdk-amd64/jre/lib/charsets.jar:/usr/lib/jvm/java-8-openjdk-amd64/jre/lib/ext/cldrdata.jar:/usr/lib/jvm/java-8-openjdk-amd64/jre/lib/ext/dnsns.jar:/usr/lib/jvm/java-8-openjdk-amd64/jre/lib/ext/icedtea-sound.jar:/usr/lib/jvm/java-8-openjdk-amd64/jre/lib/ext/jaccess.jar:/usr/lib/jvm/java-8-openjdk-amd64/jre/lib/ext/java-atk-wrapper.jar:/usr/lib/jvm/java-8-openjdk-amd64/jre/lib/ext/jfxrt.jar:/usr/lib/jvm/java-8-openjdk-amd64/jre/lib/ext/localedata.jar:/usr/lib/jvm/java-8-openjdk-amd64/jre/lib/ext/nashorn.jar:/usr/lib/jvm/java-8-openjdk-amd64/jre/lib/ext/sunec.jar:/usr/lib/jvm/java-8-openjdk-amd64/jre/lib/ext/sunjce_provider.jar:/usr/lib/jvm/java-8-openjdk-amd64/jre/lib/ext/sunpkcs11.jar:/usr/lib/jvm/java-8-openjdk-amd64/jre/lib/ext/zipfs.jar:/usr/lib/jvm/java-8-openjdk-amd64/jre/lib/jce.jar:/usr/lib/jvm/java-8-openjdk-amd64/jre/lib/jfxswt.jar:/usr/lib/jvm/java-8-openjdk-amd64/jre/lib/jsse.jar:/usr/lib/jvm/java-8-openjdk-amd64/jre/lib/management-agent.jar:/usr/lib/jvm/java-8-openjdk-amd64/jre/lib/resources.jar:/usr/lib/jvm/java-8-openjdk-amd64/jre/lib/rt.jar:/home/katarzyna/zespolowe/App/out/production/App:/home/katarzyna/javalibrary/opencv-3.4.3/build/bin/opencv-343.jar:/home/katarzyna/Downloads/idea-IU-181.4445.78/lib/idea_rt.jar
Launcher Type: SUN_STANDARD

Environment Variables:
PATH=/usr/local/sbin:/usr/local/bin:/usr/sbin:/usr/bin:/sbin:/bin:/usr/games:/usr/local/games:/home/katarzyna/Downloads/julia-0.6.4-linux-x86_64/julia-9d11f62bcb/bin:/snap/bin
USERNAME=katarzyna
SHELL=/bin/bash
DISPLAY=:0

Signal Handlers:
SIGSEGV: [libjvm.so+0xaa6ab0], sa_mask[0]=11111111011111111101111111111110, sa_flags=SA_RESTART|SA_SIGINFO
SIGBUS: [libjvm.so+0xaa6ab0], sa_mask[0]=11111111011111111101111111111110, sa_flags=SA_RESTART|SA_SIGINFO
SIGFPE: [libjvm.so+0x8dded0], sa_mask[0]=11111111011111111101111111111110, sa_flags=SA_RESTART|SA_SIGINFO
SIGPIPE: [libjvm.so+0x8dded0], sa_mask[0]=11111111011111111101111111111110, sa_flags=SA_RESTART|SA_SIGINFO
SIGXFSZ: [libjvm.so+0x8dded0], sa_mask[0]=11111111011111111101111111111110, sa_flags=SA_RESTART|SA_SIGINFO
SIGILL: [libjvm.so+0x8dded0], sa_mask[0]=11111111011111111101111111111110, sa_flags=SA_RESTART|SA_SIGINFO
SIGUSR1: SIG_DFL, sa_mask[0]=00000000000000000000000000000000, sa_flags=none
SIGUSR2: [libjvm.so+0x8ddd80], sa_mask[0]=00100000000000000000000000000000, sa_flags=SA_RESTART|SA_SIGINFO
SIGHUP: [libjvm.so+0x8de230], sa_mask[0]=11111111011111111101111111111110, sa_flags=SA_RESTART|SA_SIGINFO
SIGINT: [libjvm.so+0x8de230], sa_mask[0]=11111111011111111101111111111110, sa_flags=SA_RESTART|SA_SIGINFO
SIGTERM: [libjvm.so+0x8de230], sa_mask[0]=11111111011111111101111111111110, sa_flags=SA_RESTART|SA_SIGINFO
SIGQUIT: [libjvm.so+0x8de230], sa_mask[0]=11111111011111111101111111111110, sa_flags=SA_RESTART|SA_SIGINFO


---------------  S Y S T E M  ---------------

OS:DISTRIB_ID=Ubuntu
DISTRIB_RELEASE=17.10
DISTRIB_CODENAME=artful
DISTRIB_DESCRIPTION="Ubuntu 17.10"

uname:Linux 4.13.0-21-generic #24-Ubuntu SMP Mon Dec 18 17:29:16 UTC 2017 x86_64
libc:glibc 2.26 NPTL 2.26 
rlimit: STACK 8192k, CORE 0k, NPROC 14401, NOFILE 1048576, AS infinity
load average:2,68 2,43 2,14

/proc/meminfo:
MemTotal:        3739844 kB
MemFree:          111220 kB
MemAvailable:     186432 kB
Buffers:            6372 kB
Cached:           438972 kB
SwapCached:        14684 kB
Active:          2603496 kB
Inactive:         797572 kB
Active(anon):    2517492 kB
Inactive(anon):   620768 kB
Active(file):      86004 kB
Inactive(file):   176804 kB
Unevictable:          16 kB
Mlocked:              16 kB
SwapTotal:       2097148 kB
SwapFree:        1977584 kB
Dirty:               396 kB
Writeback:             0 kB
AnonPages:       2941148 kB
Mapped:           229636 kB
Shmem:            203596 kB
Slab:              88020 kB
SReclaimable:      41196 kB
SUnreclaim:        46824 kB
KernelStack:       13392 kB
PageTables:        59016 kB
NFS_Unstable:          0 kB
Bounce:                0 kB
WritebackTmp:          0 kB
CommitLimit:     3967068 kB
Committed_AS:    9522964 kB
VmallocTotal:   34359738367 kB
VmallocUsed:           0 kB
VmallocChunk:          0 kB
HardwareCorrupted:     0 kB
AnonHugePages:         0 kB
ShmemHugePages:        0 kB
ShmemPmdMapped:        0 kB
CmaTotal:              0 kB
CmaFree:               0 kB
HugePages_Total:       0
HugePages_Free:        0
HugePages_Rsvd:        0
HugePages_Surp:        0
Hugepagesize:       2048 kB
DirectMap4k:      161576 kB
DirectMap2M:     3727360 kB
DirectMap1G:     1048576 kB


CPU:total 4 (initial active 4) (2 cores per cpu, 2 threads per core) family 6 model 78 stepping 3, cmov, cx8, fxsr, mmx, sse, sse2, sse3, ssse3, sse4.1, sse4.2, popcnt, avx, avx2, aes, clmul, erms, 3dnowpref, lzcnt, ht, tsc, tscinvbit, bmi1, bmi2, adx

/proc/cpuinfo:
processor	: 0
vendor_id	: GenuineIntel
cpu family	: 6
model		: 78
model name	: Intel(R) Core(TM) i5-6200U CPU @ 2.30GHz
stepping	: 3
microcode	: 0x5e
cpu MHz		: 2400.000
cache size	: 3072 KB
physical id	: 0
siblings	: 4
core id		: 0
cpu cores	: 2
apicid		: 0
initial apicid	: 0
fpu		: yes
fpu_exception	: yes
cpuid level	: 22
wp		: yes
flags		: fpu vme de pse tsc msr pae mce cx8 apic sep mtrr pge mca cmov pat pse36 clflush dts acpi mmx fxsr sse sse2 ss ht tm pbe syscall nx pdpe1gb rdtscp lm constant_tsc art arch_perfmon pebs bts rep_good nopl xtopology nonstop_tsc cpuid aperfmperf tsc_known_freq pni pclmulqdq dtes64 monitor ds_cpl vmx est tm2 ssse3 sdbg fma cx16 xtpr pdcm pcid sse4_1 sse4_2 x2apic movbe popcnt aes xsave avx f16c rdrand lahf_lm abm 3dnowprefetch cpuid_fault epb intel_pt tpr_shadow vnmi flexpriority ept vpid fsgsbase tsc_adjust bmi1 avx2 smep bmi2 erms invpcid mpx rdseed adx smap clflushopt xsaveopt xsavec xgetbv1 xsaves dtherm ida arat pln pts hwp hwp_notify hwp_act_window hwp_epp
bugs		:
bogomips	: 4800.00
clflush size	: 64
cache_alignment	: 64
address sizes	: 39 bits physical, 48 bits virtual
power management:

processor	: 1
vendor_id	: GenuineIntel
cpu family	: 6
model		: 78
model name	: Intel(R) Core(TM) i5-6200U CPU @ 2.30GHz
stepping	: 3
microcode	: 0x5e
cpu MHz		: 2400.000
cache size	: 3072 KB
physical id	: 0
siblings	: 4
core id		: 1
cpu cores	: 2
apicid		: 2
initial apicid	: 2
fpu		: yes
fpu_exception	: yes
cpuid level	: 22
wp		: yes
flags		: fpu vme de pse tsc msr pae mce cx8 apic sep mtrr pge mca cmov pat pse36 clflush dts acpi mmx fxsr sse sse2 ss ht tm pbe syscall nx pdpe1gb rdtscp lm constant_tsc art arch_perfmon pebs bts rep_good nopl xtopology nonstop_tsc cpuid aperfmperf tsc_known_freq pni pclmulqdq dtes64 monitor ds_cpl vmx est tm2 ssse3 sdbg fma cx16 xtpr pdcm pcid sse4_1 sse4_2 x2apic movbe popcnt aes xsave avx f16c rdrand lahf_lm abm 3dnowprefetch cpuid_fault epb intel_pt tpr_shadow vnmi flexpriority ept vpid fsgsbase tsc_adjust bmi1 avx2 smep bmi2 erms invpcid mpx rdseed adx smap clflushopt xsaveopt xsavec xgetbv1 xsaves dtherm ida arat pln pts hwp hwp_notify hwp_act_window hwp_epp
bugs		:
bogomips	: 4800.00
clflush size	: 64
cache_alignment	: 64
address sizes	: 39 bits physical, 48 bits virtual
power management:

processor	: 2
vendor_id	: GenuineIntel
cpu family	: 6
model		: 78
model name	: Intel(R) Core(TM) i5-6200U CPU @ 2.30GHz
stepping	: 3
microcode	: 0x5e
cpu MHz		: 2400.000
cache size	: 3072 KB
physical id	: 0
siblings	: 4
core id		: 0
cpu cores	: 2
apicid		: 1
initial apicid	: 1
fpu		: yes
fpu_exception	: yes
cpuid level	: 22
wp		: yes
flags		: fpu vme de pse tsc msr pae mce cx8 apic sep mtrr pge mca cmov pat pse36 clflush dts acpi mmx fxsr sse sse2 ss ht tm pbe syscall nx pdpe1gb rdtscp lm constant_tsc art arch_perfmon pebs bts rep_good nopl xtopology nonstop_tsc cpuid aperfmperf tsc_known_freq pni pclmulqdq dtes64 monitor ds_cpl vmx est tm2 ssse3 sdbg fma cx16 xtpr pdcm pcid sse4_1 sse4_2 x2apic movbe popcnt aes xsave avx f16c rdrand lahf_lm abm 3dnowprefetch cpuid_fault epb intel_pt tpr_shadow vnmi flexpriority ept vpid fsgsbase tsc_adjust bmi1 avx2 smep bmi2 erms invpcid mpx rdseed adx smap clflushopt xsaveopt xsavec xgetbv1 xsaves dtherm ida arat pln pts hwp hwp_notify hwp_act_window hwp_epp
bugs		:
bogomips	: 4800.00
clflush size	: 64
cache_alignment	: 64
address sizes	: 39 bits physical, 48 bits virtual
power management:

processor	: 3
vendor_id	: GenuineIntel
cpu family	: 6
model		: 78
model name	: Intel(R) Core(TM) i5-6200U CPU @ 2.30GHz
stepping	: 3
microcode	: 0x5e
cpu MHz		: 2400.000
cache size	: 3072 KB
physical id	: 0
siblings	: 4
core id		: 1
cpu cores	: 2
apicid		: 3
initial apicid	: 3
fpu		: yes
fpu_exception	: yes
cpuid level	: 22
wp		: yes
flags		: fpu vme de pse tsc msr pae mce cx8 apic sep mtrr pge mca cmov pat pse36 clflush dts acpi mmx fxsr sse sse2 ss ht tm pbe syscall nx pdpe1gb rdtscp lm constant_tsc art arch_perfmon pebs bts rep_good nopl xtopology nonstop_tsc cpuid aperfmperf tsc_known_freq pni pclmulqdq dtes64 monitor ds_cpl vmx est tm2 ssse3 sdbg fma cx16 xtpr pdcm pcid sse4_1 sse4_2 x2apic movbe popcnt aes xsave avx f16c rdrand lahf_lm abm 3dnowprefetch cpuid_fault epb intel_pt tpr_shadow vnmi flexpriority ept vpid fsgsbase tsc_adjust bmi1 avx2 smep bmi2 erms invpcid mpx rdseed adx smap clflushopt xsaveopt xsavec xgetbv1 xsaves dtherm ida arat pln pts hwp hwp_notify hwp_act_window hwp_epp
bugs		:
bogomips	: 4800.00
clflush size	: 64
cache_alignment	: 64
address sizes	: 39 bits physical, 48 bits virtual
power management:



Memory: 4k page, physical 3739844k(111220k free), swap 2097148k(1977584k free)

vm_info: OpenJDK 64-Bit Server VM (25.144-b01) for linux-amd64 JRE (1.8.0_144-8u144-b01-2-b01), built on Sep 30 2017 00:37:14 by "buildd" with gcc 7.2.0

time: Thu Dec 13 19:12:21 2018
elapsed time: 21 seconds (0d 0h 0m 21s)

